BP2000 MSW Number density of scatterers
Here MSW number density is defined to be
the electron number density - 0.5 times
the neutron number density, all over Avrogadro's 
number.

            astro-ph/0010346


     1.00E-03          1.886E+00
     8.19005E-03       1.88591E+00
     8.31693E-03       1.88588E+00
     8.44579E-03       1.88585E+00
     8.57666E-03       1.88582E+00
     8.70957E-03       1.88580E+00
     8.84456E-03       1.88576E+00
     8.98165E-03       1.88572E+00
     9.12087E-03       1.88569E+00
     9.26227E-03       1.88566E+00
     9.40589E-03       1.88562E+00
     9.55174E-03       1.88558E+00
     9.69987E-03       1.88555E+00
     9.85031E-03       1.88550E+00
     1.00031E-02       1.88547E+00
     1.01583E-02       1.88543E+00
     1.03159E-02       1.88538E+00
     1.04760E-02       1.88533E+00
     1.06385E-02       1.88529E+00
     1.08037E-02       1.88525E+00
     1.09714E-02       1.88519E+00
     1.11417E-02       1.88514E+00
     1.13147E-02       1.88509E+00
     1.14904E-02       1.88504E+00
     1.16688E-02       1.88498E+00
     1.18501E-02       1.88493E+00
     1.20342E-02       1.88487E+00
     1.22212E-02       1.88481E+00
     1.24111E-02       1.88475E+00
     1.26040E-02       1.88469E+00
     1.27999E-02       1.88462E+00
     1.29989E-02       1.88455E+00
     1.32011E-02       1.88447E+00
     1.34064E-02       1.88439E+00
     1.36149E-02       1.88432E+00
     1.38268E-02       1.88425E+00
     1.40419E-02       1.88416E+00
     1.42605E-02       1.88408E+00
     1.44825E-02       1.88400E+00
     1.47080E-02       1.88392E+00
     1.49371E-02       1.88382E+00
     1.51698E-02       1.88372E+00
     1.54062E-02       1.88363E+00
     1.56463E-02       1.88353E+00
     1.58902E-02       1.88343E+00
     1.61379E-02       1.88332E+00
     1.63896E-02       1.88321E+00
     1.66453E-02       1.88309E+00
     1.69051E-02       1.88298E+00
     1.71689E-02       1.88286E+00
     1.74370E-02       1.88274E+00
     1.77094E-02       1.88260E+00
     1.79860E-02       1.88247E+00
     1.82671E-02       1.88234E+00
     1.85527E-02       1.88219E+00
     1.88428E-02       1.88205E+00
     1.91376E-02       1.88190E+00
     1.94370E-02       1.88174E+00
     1.97413E-02       1.88159E+00
     2.00504E-02       1.88142E+00
     2.03646E-02       1.88125E+00
     2.06837E-02       1.88108E+00
     2.10080E-02       1.88090E+00
     2.13375E-02       1.88070E+00
     2.16723E-02       1.88051E+00
     2.20126E-02       1.88031E+00
     2.23583E-02       1.88011E+00
     2.27096E-02       1.87990E+00
     2.30666E-02       1.87967E+00
     2.34294E-02       1.87945E+00
     2.37981E-02       1.87922E+00
     2.41728E-02       1.87898E+00
     2.45536E-02       1.87873E+00
     2.49407E-02       1.87847E+00
     2.53340E-02       1.87820E+00
     2.57338E-02       1.87793E+00
     2.61401E-02       1.87765E+00
     2.65532E-02       1.87736E+00
     2.69730E-02       1.87705E+00
     2.73997E-02       1.87674E+00
     2.78335E-02       1.87642E+00
     2.82745E-02       1.87608E+00
     2.87228E-02       1.87574E+00
     2.91785E-02       1.87539E+00
     2.96418E-02       1.87502E+00
     3.01129E-02       1.87465E+00
     3.05918E-02       1.87425E+00
     3.10788E-02       1.87385E+00
     3.15739E-02       1.87343E+00
     3.20773E-02       1.87300E+00
     3.25893E-02       1.87256E+00
     3.31099E-02       1.87209E+00
     3.36394E-02       1.87162E+00
     3.41779E-02       1.87113E+00
     3.47255E-02       1.87062E+00
     3.52825E-02       1.87010E+00
     3.58491E-02       1.86956E+00
     3.64254E-02       1.86900E+00
     3.70116E-02       1.86842E+00
     3.76080E-02       1.86782E+00
     3.82148E-02       1.86721E+00
     3.88321E-02       1.86656E+00
     3.94601E-02       1.86590E+00
     4.00992E-02       1.86522E+00
     4.07495E-02       1.86452E+00
     4.14113E-02       1.86379E+00
     4.20849E-02       1.86302E+00
     4.27703E-02       1.86225E+00
     4.34680E-02       1.86144E+00
     4.41782E-02       1.86061E+00
     4.49012E-02       1.85974E+00
     4.56372E-02       1.85884E+00
     4.63866E-02       1.85792E+00
     4.71496E-02       1.85697E+00
     4.79266E-02       1.85597E+00
     4.87178E-02       1.85495E+00
     4.95236E-02       1.85390E+00
     5.03443E-02       1.85281E+00
     5.11803E-02       1.85167E+00
     5.20320E-02       1.85050E+00
     5.28996E-02       1.84928E+00
     5.37836E-02       1.84803E+00
     5.46844E-02       1.84673E+00
     5.55741E-02       1.84542E+00
     5.64476E-02       1.84412E+00
     5.73061E-02       1.84282E+00
     5.81506E-02       1.84153E+00
     5.89820E-02       1.84024E+00
     5.98012E-02       1.83896E+00
     6.06088E-02       1.83766E+00
     6.14057E-02       1.83637E+00
     6.21924E-02       1.83510E+00
     6.29694E-02       1.83381E+00
     6.37375E-02       1.83253E+00
     6.44971E-02       1.83124E+00
     6.52485E-02       1.82997E+00
     6.59924E-02       1.82868E+00
     6.67291E-02       1.82740E+00
     6.74590E-02       1.82612E+00
     6.81824E-02       1.82484E+00
     6.88997E-02       1.82355E+00
     6.96111E-02       1.82226E+00
     7.03171E-02       1.82097E+00
     7.10179E-02       1.81968E+00
     7.17137E-02       1.81838E+00
     7.24049E-02       1.81709E+00
     7.30916E-02       1.81580E+00
     7.37740E-02       1.81450E+00
     7.44525E-02       1.81319E+00
     7.51272E-02       1.81188E+00
     7.57983E-02       1.81057E+00
     7.64660E-02       1.80925E+00
     7.71305E-02       1.80794E+00
     7.77919E-02       1.80662E+00
     7.84505E-02       1.80529E+00
     7.91063E-02       1.80397E+00
     7.97596E-02       1.80263E+00
     8.04105E-02       1.80130E+00
     8.10592E-02       1.79995E+00
     8.17058E-02       1.79861E+00
     8.23503E-02       1.79726E+00
     8.29931E-02       1.79590E+00
     8.36341E-02       1.79454E+00
     8.42735E-02       1.79317E+00
     8.49115E-02       1.79180E+00
     8.55481E-02       1.79041E+00
     8.61835E-02       1.78904E+00
     8.68177E-02       1.78764E+00
     8.74510E-02       1.78625E+00
     8.80834E-02       1.78485E+00
     8.87149E-02       1.78344E+00
     8.93458E-02       1.78202E+00
     8.99761E-02       1.78060E+00
     9.06059E-02       1.77916E+00
     9.12353E-02       1.77773E+00
     9.18645E-02       1.77629E+00
     9.24934E-02       1.77484E+00
     9.31223E-02       1.77338E+00
     9.37511E-02       1.77191E+00
     9.43801E-02       1.77043E+00
     9.50092E-02       1.76894E+00
     9.56386E-02       1.76745E+00
     9.62685E-02       1.76595E+00
     9.68987E-02       1.76444E+00
     9.75295E-02       1.76292E+00
     9.81610E-02       1.76139E+00
     9.87932E-02       1.75985E+00
     9.94263E-02       1.75830E+00
     1.00060E-01       1.75674E+00
     1.00695E-01       1.75517E+00
     1.01331E-01       1.75360E+00
     1.01969E-01       1.75200E+00
     1.02607E-01       1.75040E+00
     1.03247E-01       1.74879E+00
     1.03889E-01       1.74716E+00
     1.04532E-01       1.74553E+00
     1.05176E-01       1.74387E+00
     1.05823E-01       1.74221E+00
     1.06471E-01       1.74054E+00
     1.07122E-01       1.73886E+00
     1.07774E-01       1.73715E+00
     1.08429E-01       1.73544E+00
     1.09085E-01       1.73371E+00
     1.09745E-01       1.73197E+00
     1.10406E-01       1.73021E+00
     1.11071E-01       1.72844E+00
     1.11738E-01       1.72666E+00
     1.12408E-01       1.72485E+00
     1.13080E-01       1.72303E+00
     1.13756E-01       1.72119E+00
     1.14435E-01       1.71934E+00
     1.15117E-01       1.71747E+00
     1.15803E-01       1.71558E+00
     1.16492E-01       1.71368E+00
     1.17185E-01       1.71174E+00
     1.17882E-01       1.70980E+00
     1.18583E-01       1.70784E+00
     1.19288E-01       1.70585E+00
     1.19997E-01       1.70384E+00
     1.20711E-01       1.70181E+00
     1.21429E-01       1.69977E+00
     1.22151E-01       1.69769E+00
     1.22879E-01       1.69559E+00
     1.23612E-01       1.69348E+00
     1.24350E-01       1.69133E+00
     1.25094E-01       1.68916E+00
     1.25843E-01       1.68696E+00
     1.26598E-01       1.68474E+00
     1.27358E-01       1.68249E+00
     1.28126E-01       1.68021E+00
     1.28899E-01       1.67790E+00
     1.29680E-01       1.67556E+00
     1.30467E-01       1.67318E+00
     1.31261E-01       1.67078E+00
     1.32063E-01       1.66835E+00
     1.32873E-01       1.66588E+00
     1.33690E-01       1.66338E+00
     1.34516E-01       1.66083E+00
     1.35350E-01       1.65825E+00
     1.36194E-01       1.65563E+00
     1.37046E-01       1.65296E+00
     1.37908E-01       1.65026E+00
     1.38780E-01       1.64751E+00
     1.39663E-01       1.64472E+00
     1.40556E-01       1.64189E+00
     1.41460E-01       1.63899E+00
     1.42375E-01       1.63605E+00
     1.43303E-01       1.63307E+00
     1.44243E-01       1.63003E+00
     1.45196E-01       1.62692E+00
     1.46163E-01       1.62375E+00
     1.47143E-01       1.62054E+00
     1.48138E-01       1.61725E+00
     1.49149E-01       1.61389E+00
     1.50175E-01       1.61046E+00
     1.51218E-01       1.60697E+00
     1.52279E-01       1.60340E+00
     1.53358E-01       1.59975E+00
     1.54456E-01       1.59601E+00
     1.55574E-01       1.59219E+00
     1.56714E-01       1.58828E+00
     1.57876E-01       1.58427E+00
     1.59061E-01       1.58015E+00
     1.60272E-01       1.57592E+00
     1.61509E-01       1.57158E+00
     1.62774E-01       1.56712E+00
     1.64070E-01       1.56252E+00
     1.65397E-01       1.55779E+00
     1.66758E-01       1.55292E+00
     1.68156E-01       1.54787E+00
     1.69593E-01       1.54266E+00
     1.71072E-01       1.53726E+00
     1.72596E-01       1.53166E+00
     1.74169E-01       1.52586E+00
     1.75795E-01       1.51981E+00
     1.77478E-01       1.51351E+00
     1.79223E-01       1.50694E+00
     1.81037E-01       1.50006E+00
     1.82894E-01       1.49297E+00
     1.84743E-01       1.48587E+00
     1.86585E-01       1.47874E+00
     1.88419E-01       1.47160E+00
     1.90247E-01       1.46444E+00
     1.92067E-01       1.45728E+00
     1.93880E-01       1.45008E+00
     1.95687E-01       1.44287E+00
     1.97488E-01       1.43565E+00
     1.99282E-01       1.42841E+00
     2.01070E-01       1.42115E+00
     2.02852E-01       1.41389E+00
     2.04629E-01       1.40660E+00
     2.06399E-01       1.39930E+00
     2.08164E-01       1.39198E+00
     2.09924E-01       1.38465E+00
     2.11679E-01       1.37731E+00
     2.13428E-01       1.36995E+00
     2.15173E-01       1.36257E+00
     2.16913E-01       1.35518E+00
     2.18648E-01       1.34779E+00
     2.20379E-01       1.34038E+00
     2.22105E-01       1.33295E+00
     2.23827E-01       1.32551E+00
     2.25545E-01       1.31806E+00
     2.27258E-01       1.31059E+00
     2.28968E-01       1.30312E+00
     2.30674E-01       1.29563E+00
     2.32376E-01       1.28813E+00
     2.34075E-01       1.28062E+00
     2.35770E-01       1.27310E+00
     2.37462E-01       1.26556E+00
     2.39151E-01       1.25801E+00
     2.40836E-01       1.25045E+00
     2.42519E-01       1.24288E+00
     2.44198E-01       1.23529E+00
     2.45875E-01       1.22770E+00
     2.47549E-01       1.22010E+00
     2.49220E-01       1.21249E+00
     2.50889E-01       1.20487E+00
     2.52555E-01       1.19723E+00
     2.54218E-01       1.18959E+00
     2.55880E-01       1.18193E+00
     2.57539E-01       1.17428E+00
     2.59196E-01       1.16660E+00
     2.60851E-01       1.15892E+00
     2.62505E-01       1.15123E+00
     2.64156E-01       1.14354E+00
     2.65805E-01       1.13583E+00
     2.67453E-01       1.12812E+00
     2.69099E-01       1.12039E+00
     2.70744E-01       1.11267E+00
     2.72386E-01       1.10493E+00
     2.74028E-01       1.09719E+00
     2.75668E-01       1.08944E+00
     2.77307E-01       1.08168E+00
     2.78945E-01       1.07392E+00
     2.80581E-01       1.06615E+00
     2.82217E-01       1.05837E+00
     2.83852E-01       1.05059E+00
     2.85485E-01       1.04279E+00
     2.87118E-01       1.03499E+00
     2.88750E-01       1.02719E+00
     2.90381E-01       1.01938E+00
     2.92012E-01       1.01157E+00
     2.93642E-01       1.00375E+00
     2.95272E-01       9.95913E-01
     2.96901E-01       9.88081E-01
     2.98529E-01       9.80237E-01
     3.00158E-01       9.72383E-01
     3.01786E-01       9.64529E-01
     3.03414E-01       9.56674E-01
     3.05042E-01       9.48809E-01
     3.06669E-01       9.40937E-01
     3.08297E-01       9.33061E-01
     3.09924E-01       9.25177E-01
     3.11552E-01       9.17289E-01
     3.13180E-01       9.09395E-01
     3.14808E-01       9.01495E-01
     3.16436E-01       8.93591E-01
     3.18064E-01       8.85682E-01
     3.19693E-01       8.77767E-01
     3.21322E-01       8.69850E-01
     3.22951E-01       8.61928E-01
     3.24581E-01       8.54000E-01
     3.26211E-01       8.46069E-01
     3.27842E-01       8.38133E-01
     3.29474E-01       8.30194E-01
     3.31106E-01       8.22249E-01
     3.32738E-01       8.14302E-01
     3.34371E-01       8.06349E-01
     3.36005E-01       7.98392E-01
     3.37640E-01       7.90433E-01
     3.39276E-01       7.82470E-01
     3.40912E-01       7.74501E-01
     3.42549E-01       7.66529E-01
     3.44188E-01       7.58553E-01
     3.45827E-01       7.50573E-01
     3.47467E-01       7.42591E-01
     3.49108E-01       7.34605E-01
     3.50750E-01       7.26613E-01
     3.52394E-01       7.18618E-01
     3.54038E-01       7.10621E-01
     3.55684E-01       7.02619E-01
     3.57331E-01       6.94613E-01
     3.58979E-01       6.86604E-01
     3.60628E-01       6.78594E-01
     3.62279E-01       6.70577E-01
     3.63931E-01       6.62560E-01
     3.65584E-01       6.54538E-01
     3.67239E-01       6.46513E-01
     3.68895E-01       6.38486E-01
     3.70552E-01       6.30456E-01
     3.72211E-01       6.22424E-01
     3.73872E-01       6.14391E-01
     3.75534E-01       6.06353E-01
     3.77198E-01       5.98315E-01
     3.78863E-01       5.90275E-01
     3.80530E-01       5.82231E-01
     3.82199E-01       5.74185E-01
     3.83869E-01       5.66138E-01
     3.85541E-01       5.58089E-01
     3.87214E-01       5.50036E-01
     3.88890E-01       5.41982E-01
     3.90567E-01       5.33927E-01
     3.92246E-01       5.25868E-01
     3.93927E-01       5.17809E-01
     3.95609E-01       5.09748E-01
     3.97294E-01       5.01685E-01
     3.98980E-01       4.93619E-01
     4.00668E-01       4.85551E-01
     4.02359E-01       4.77483E-01
     4.04051E-01       4.69413E-01
     4.05745E-01       4.61340E-01
     4.07441E-01       4.53267E-01
     4.09139E-01       4.45192E-01
     4.10839E-01       4.37114E-01
     4.12542E-01       4.29036E-01
     4.14246E-01       4.20955E-01
     4.15953E-01       4.12872E-01
     4.17661E-01       4.04790E-01
     4.19372E-01       3.96703E-01
     4.21085E-01       3.88616E-01
     4.22800E-01       3.80529E-01
     4.24517E-01       3.72440E-01
     4.26237E-01       3.64350E-01
     4.27958E-01       3.56260E-01
     4.29682E-01       3.48168E-01
     4.31408E-01       3.40076E-01
     4.33137E-01       3.31982E-01
     4.34868E-01       3.23888E-01
     4.36601E-01       3.15794E-01
     4.38336E-01       3.07698E-01
     4.40074E-01       2.99603E-01
     4.41814E-01       2.91506E-01
     4.43556E-01       2.83408E-01
     4.45301E-01       2.75310E-01
     4.47048E-01       2.67212E-01
     4.48798E-01       2.59112E-01
     4.50550E-01       2.51012E-01
     4.52304E-01       2.42912E-01
     4.54061E-01       2.34810E-01
     4.55821E-01       2.26709E-01
     4.57582E-01       2.18608E-01
     4.59347E-01       2.10506E-01
     4.61114E-01       2.02404E-01
     4.62883E-01       1.94300E-01
     4.64655E-01       1.86198E-01
     4.66429E-01       1.78095E-01
     4.68206E-01       1.69992E-01
     4.69985E-01       1.61889E-01
     4.71767E-01       1.53787E-01
     4.73551E-01       1.45684E-01
     4.75338E-01       1.37582E-01
     4.77128E-01       1.29479E-01
     4.78920E-01       1.21379E-01
     4.80715E-01       1.13280E-01
     4.82512E-01       1.05179E-01
     4.84312E-01       9.70811E-02
     4.86114E-01       8.89831E-02
     4.87919E-01       8.08856E-02
     4.89727E-01       7.27896E-02
     4.91537E-01       6.46930E-02
     4.93350E-01       5.65989E-02
     4.95165E-01       4.85057E-02
     4.96983E-01       4.04122E-02
     4.98804E-01       3.23211E-02
     5.00627E-01       2.42308E-02
     5.02452E-01       1.61396E-02
     5.04281E-01       8.05111E-03
     5.06112E-01      -3.78080E-05
     5.07945E-01      -8.12446E-03
     5.09782E-01      -1.62096E-02
     5.11620E-01      -2.42954E-02
     5.13462E-01      -3.23780E-02
     5.15306E-01      -4.04596E-02
     5.17152E-01      -4.85411E-02
     5.19002E-01      -5.66196E-02
     5.20853E-01      -6.46963E-02
     5.22708E-01      -7.27732E-02
     5.24565E-01      -8.08466E-02
     5.26424E-01      -8.89179E-02
     5.28286E-01      -9.69892E-02
     5.30151E-01      -1.05057E-01
     5.32018E-01      -1.13123E-01
     5.33888E-01      -1.21186E-01
     5.35760E-01      -1.29245E-01
     5.37635E-01      -1.37304E-01
     5.39512E-01      -1.45358E-01
     5.41392E-01      -1.53411E-01
     5.43274E-01      -1.61459E-01
     5.45159E-01      -1.69505E-01
     5.47046E-01      -1.77547E-01
     5.48936E-01      -1.85588E-01
     5.50828E-01      -1.93625E-01
     5.52723E-01      -2.01657E-01
     5.54620E-01      -2.09687E-01
     5.56519E-01      -2.17712E-01
     5.58421E-01      -2.25736E-01
     5.60325E-01      -2.33754E-01
     5.62231E-01      -2.41770E-01
     5.64140E-01      -2.49780E-01
     5.66051E-01      -2.57786E-01
     5.67964E-01      -2.65789E-01
     5.69879E-01      -2.73787E-01
     5.71797E-01      -2.81782E-01
     5.73716E-01      -2.89771E-01
     5.75638E-01      -2.97754E-01
     5.77562E-01      -3.05734E-01
     5.79489E-01      -3.13709E-01
     5.81417E-01      -3.21677E-01
     5.83347E-01      -3.29640E-01
     5.85279E-01      -3.37599E-01
     5.87213E-01      -3.45551E-01
     5.89150E-01      -3.53496E-01
     5.91088E-01      -3.61436E-01
     5.93028E-01      -3.69369E-01
     5.94969E-01      -3.77295E-01
     5.96913E-01      -3.85213E-01
     5.98858E-01      -3.93123E-01
     6.00805E-01      -4.01028E-01
     6.02753E-01      -4.08922E-01
     6.04703E-01      -4.16810E-01
     6.06655E-01      -4.24688E-01
     6.08608E-01      -4.32559E-01
     6.10563E-01      -4.40419E-01
     6.12519E-01      -4.48271E-01
     6.14476E-01      -4.56112E-01
     6.16434E-01      -4.63945E-01
     6.18394E-01      -4.71765E-01
     6.20355E-01      -4.79576E-01
     6.22317E-01      -4.87377E-01
     6.24279E-01      -4.95166E-01
     6.26243E-01      -5.02941E-01
     6.28208E-01      -5.10706E-01
     6.30174E-01      -5.18455E-01
     6.32140E-01      -5.26193E-01
     6.34107E-01      -5.33913E-01
     6.36075E-01      -5.41621E-01
     6.38043E-01      -5.49310E-01
     6.40011E-01      -5.56984E-01
     6.41981E-01      -5.64638E-01
     6.43950E-01      -5.72275E-01
     6.45919E-01      -5.79890E-01
     6.47889E-01      -5.87485E-01
     6.49859E-01      -5.95056E-01
     6.51828E-01      -6.02605E-01
     6.53798E-01      -6.10127E-01
     6.55767E-01      -6.17623E-01
     6.57736E-01      -6.25089E-01
     6.59704E-01      -6.32524E-01
     6.61672E-01      -6.39926E-01
     6.63639E-01      -6.47292E-01
     6.65606E-01      -6.54625E-01
     6.67571E-01      -6.61920E-01
     6.69535E-01      -6.69180E-01
     6.71498E-01      -6.76404E-01
     6.73460E-01      -6.83595E-01
     6.75420E-01      -6.90752E-01
     6.77379E-01      -6.97876E-01
     6.79336E-01      -7.04967E-01
     6.81291E-01      -7.12022E-01
     6.83245E-01      -7.19039E-01
     6.85195E-01      -7.26018E-01
     6.87144E-01      -7.32955E-01
     6.89090E-01      -7.39849E-01
     6.91034E-01      -7.46696E-01
     6.92974E-01      -7.53492E-01
     6.94636E-01      -7.59279E-01
     6.95119E-01      -7.60956E-01
     6.95602E-01      -7.62630E-01
     6.96085E-01      -7.64301E-01
     6.96568E-01      -7.65967E-01
     6.97050E-01      -7.67631E-01
     6.97532E-01      -7.69291E-01
     6.98014E-01      -7.70947E-01
     6.98496E-01      -7.72597E-01
     6.98978E-01      -7.74246E-01
     6.99459E-01      -7.75889E-01
     6.99940E-01      -7.77529E-01
     7.00421E-01      -7.79165E-01
     7.00902E-01      -7.80797E-01
     7.01382E-01      -7.82426E-01
     7.01862E-01      -7.84048E-01
     7.02342E-01      -7.85666E-01
     7.02821E-01      -7.87281E-01
     7.03301E-01      -7.88890E-01
     7.03780E-01      -7.90496E-01
     7.04258E-01      -7.92096E-01
     7.04737E-01      -7.93691E-01
     7.05215E-01      -7.95282E-01
     7.05693E-01      -7.96868E-01
     7.06170E-01      -7.98447E-01
     7.06647E-01      -8.00024E-01
     7.07124E-01      -8.01594E-01
     7.07601E-01      -8.03158E-01
     7.08077E-01      -8.04717E-01
     7.08553E-01      -8.06273E-01
     7.09029E-01      -8.07821E-01
     7.09504E-01      -8.09363E-01
     7.09979E-01      -8.10900E-01
     7.10454E-01      -8.12432E-01
     7.10928E-01      -8.13956E-01
     7.11402E-01      -8.15475E-01
     7.11875E-01      -8.16988E-01
     7.12348E-01      -8.18493E-01
     7.12821E-01      -8.19993E-01
     7.13293E-01      -8.21486E-01
     7.13765E-01      -8.22973E-01
     7.14237E-01      -8.24479E-01
     7.14709E-01      -8.25983E-01
     7.15180E-01      -8.27486E-01
     7.15650E-01      -8.28990E-01
     7.16120E-01      -8.30494E-01
     7.16590E-01      -8.31998E-01
     7.17059E-01      -8.33501E-01
     7.17527E-01      -8.35005E-01
     7.17995E-01      -8.36509E-01
     7.18463E-01      -8.38013E-01
     7.18930E-01      -8.39516E-01
     7.19396E-01      -8.41020E-01
     7.19862E-01      -8.42523E-01
     7.20328E-01      -8.44027E-01
     7.20793E-01      -8.45531E-01
     7.21257E-01      -8.47034E-01
     7.21721E-01      -8.48538E-01
     7.22184E-01      -8.50041E-01
     7.22647E-01      -8.51544E-01
     7.23109E-01      -8.53047E-01
     7.23571E-01      -8.54551E-01
     7.24033E-01      -8.56054E-01
     7.24493E-01      -8.57557E-01
     7.24954E-01      -8.59060E-01
     7.25413E-01      -8.60563E-01
     7.25873E-01      -8.62066E-01
     7.26331E-01      -8.63569E-01
     7.26789E-01      -8.65072E-01
     7.27247E-01      -8.66575E-01
     7.27704E-01      -8.68078E-01
     7.28161E-01      -8.69581E-01
     7.28617E-01      -8.71084E-01
     7.29073E-01      -8.72586E-01
     7.29528E-01      -8.74089E-01
     7.29982E-01      -8.75592E-01
     7.30436E-01      -8.77094E-01
     7.30888E-01      -8.78589E-01
     7.32696E-01      -8.84599E-01
     7.34497E-01      -8.90610E-01
     7.36289E-01      -8.96622E-01
     7.38073E-01      -9.02634E-01
     7.39848E-01      -9.08647E-01
     7.41615E-01      -9.14660E-01
     7.43373E-01      -9.20674E-01
     7.45123E-01      -9.26687E-01
     7.46865E-01      -9.32701E-01
     7.48598E-01      -9.38716E-01
     7.50323E-01      -9.44730E-01
     7.52039E-01      -9.50744E-01
     7.53746E-01      -9.56758E-01
     7.55446E-01      -9.62772E-01
     7.57137E-01      -9.68785E-01
     7.58819E-01      -9.74799E-01
     7.60493E-01      -9.80812E-01
     7.62158E-01      -9.86825E-01
     7.63815E-01      -9.92837E-01
     7.65463E-01      -9.98850E-01
     7.67103E-01      -1.00486E+00
     7.68734E-01      -1.01087E+00
     7.70357E-01      -1.01688E+00
     7.71971E-01      -1.02290E+00
     7.73577E-01      -1.02891E+00
     7.75174E-01      -1.03492E+00
     7.76763E-01      -1.04093E+00
     7.78343E-01      -1.04694E+00
     7.79915E-01      -1.05294E+00
     7.81478E-01      -1.05895E+00
     7.83033E-01      -1.06496E+00
     7.84579E-01      -1.07097E+00
     7.86117E-01      -1.07698E+00
     7.87646E-01      -1.08299E+00
     7.89167E-01      -1.08900E+00
     7.90680E-01      -1.09501E+00
     7.92183E-01      -1.10102E+00
     7.93679E-01      -1.10704E+00
     7.95166E-01      -1.11305E+00
     7.96645E-01      -1.11906E+00
     7.98115E-01      -1.12507E+00
     7.99577E-01      -1.13109E+00
     8.01031E-01      -1.13710E+00
     8.02476E-01      -1.14311E+00
     8.03913E-01      -1.14912E+00
     8.05341E-01      -1.15513E+00
     8.06761E-01      -1.16114E+00
     8.08173E-01      -1.16715E+00
     8.09577E-01      -1.17316E+00
     8.10972E-01      -1.17917E+00
     8.12359E-01      -1.18518E+00
     8.13738E-01      -1.19118E+00
     8.15108E-01      -1.19719E+00
     8.16471E-01      -1.20320E+00
     8.17825E-01      -1.20920E+00
     8.19171E-01      -1.21521E+00
     8.20509E-01      -1.22121E+00
     8.21838E-01      -1.22722E+00
     8.23160E-01      -1.23322E+00
     8.24473E-01      -1.23923E+00
     8.25778E-01      -1.24524E+00
     8.27076E-01      -1.25125E+00
     8.28365E-01      -1.25725E+00
     8.29646E-01      -1.26326E+00
     8.30919E-01      -1.26927E+00
     8.32184E-01      -1.27528E+00
     8.33442E-01      -1.28129E+00
     8.34691E-01      -1.28729E+00
     8.35932E-01      -1.29330E+00
     8.37166E-01      -1.29931E+00
     8.38392E-01      -1.30531E+00
     8.39610E-01      -1.31132E+00
     8.40820E-01      -1.31732E+00
     8.42022E-01      -1.32332E+00
     8.43216E-01      -1.32933E+00
     8.44403E-01      -1.33533E+00
     8.45582E-01      -1.34133E+00
     8.46753E-01      -1.34733E+00
     8.47917E-01      -1.35334E+00
     8.49073E-01      -1.35934E+00
     8.50222E-01      -1.36535E+00
     8.51362E-01      -1.37136E+00
     8.52496E-01      -1.37736E+00
     8.53622E-01      -1.38337E+00
     8.54740E-01      -1.38937E+00
     8.55851E-01      -1.39538E+00
     8.56954E-01      -1.40139E+00
     8.58050E-01      -1.40739E+00
     8.59139E-01      -1.41339E+00
     8.60220E-01      -1.41940E+00
     8.61294E-01      -1.42540E+00
     8.62361E-01      -1.43140E+00
     8.63421E-01      -1.43740E+00
     8.64473E-01      -1.44340E+00
     8.65518E-01      -1.44940E+00
     8.66556E-01      -1.45540E+00
     8.67586E-01      -1.46139E+00
     8.68610E-01      -1.46739E+00
     8.69626E-01      -1.47338E+00
     8.70636E-01      -1.47937E+00
     8.71638E-01      -1.48536E+00
     8.72633E-01      -1.49136E+00
     8.73621E-01      -1.49735E+00
     8.74603E-01      -1.50335E+00
     8.75577E-01      -1.50935E+00
     8.76545E-01      -1.51535E+00
     8.77506E-01      -1.52135E+00
     8.78460E-01      -1.52735E+00
     8.79407E-01      -1.53335E+00
     8.80348E-01      -1.53936E+00
     8.81282E-01      -1.54536E+00
     8.82209E-01      -1.55136E+00
     8.83129E-01      -1.55737E+00
     8.84043E-01      -1.56337E+00
     8.84951E-01      -1.56938E+00
     8.85852E-01      -1.57538E+00
     8.86746E-01      -1.58138E+00
     8.87634E-01      -1.58739E+00
     8.88515E-01      -1.59339E+00
     8.89391E-01      -1.59939E+00
     8.90259E-01      -1.60539E+00
     8.91122E-01      -1.61139E+00
     8.91978E-01      -1.61739E+00
     8.92828E-01      -1.62339E+00
     8.93671E-01      -1.62939E+00
     8.94509E-01      -1.63538E+00
     8.95340E-01      -1.64138E+00
     8.96165E-01      -1.64737E+00
     8.96984E-01      -1.65337E+00
     8.97797E-01      -1.65936E+00
     8.98603E-01      -1.66535E+00
     8.99404E-01      -1.67134E+00
     9.00199E-01      -1.67733E+00
     9.00988E-01      -1.68332E+00
     9.01771E-01      -1.68932E+00
     9.02548E-01      -1.69531E+00
     9.03319E-01      -1.70131E+00
     9.04084E-01      -1.70731E+00
     9.04844E-01      -1.71331E+00
     9.05598E-01      -1.71931E+00
     9.06346E-01      -1.72531E+00
     9.07089E-01      -1.73131E+00
     9.07826E-01      -1.73731E+00
     9.08557E-01      -1.74331E+00
     9.09283E-01      -1.74931E+00
     9.10003E-01      -1.75530E+00
     9.10717E-01      -1.76130E+00
     9.11427E-01      -1.76729E+00
     9.12130E-01      -1.77329E+00
     9.12829E-01      -1.77928E+00
     9.13522E-01      -1.78527E+00
     9.14209E-01      -1.79126E+00
     9.14891E-01      -1.79725E+00
     9.15568E-01      -1.80325E+00
     9.16240E-01      -1.80924E+00
     9.16907E-01      -1.81524E+00
     9.17568E-01      -1.82124E+00
     9.18224E-01      -1.82725E+00
     9.18876E-01      -1.83325E+00
     9.19522E-01      -1.83926E+00
     9.20163E-01      -1.84527E+00
     9.20799E-01      -1.85127E+00
     9.21430E-01      -1.85728E+00
     9.22056E-01      -1.86328E+00
     9.22677E-01      -1.86929E+00
     9.23293E-01      -1.87529E+00
     9.23905E-01      -1.88129E+00
     9.24511E-01      -1.88729E+00
     9.25113E-01      -1.89329E+00
     9.25710E-01      -1.89928E+00
     9.26303E-01      -1.90528E+00
     9.26890E-01      -1.91127E+00
     9.27473E-01      -1.91726E+00
     9.28052E-01      -1.92325E+00
     9.28625E-01      -1.92923E+00
     9.29194E-01      -1.93522E+00
     9.29759E-01      -1.94120E+00
     9.30319E-01      -1.94718E+00
     9.30874E-01      -1.95317E+00
     9.31426E-01      -1.95916E+00
     9.31972E-01      -1.96515E+00
     9.32514E-01      -1.97115E+00
     9.33052E-01      -1.97715E+00
     9.33586E-01      -1.98316E+00
     9.34115E-01      -1.98916E+00
     9.34640E-01      -1.99517E+00
     9.35161E-01      -2.00117E+00
     9.35677E-01      -2.00718E+00
     9.36190E-01      -2.01319E+00
     9.36698E-01      -2.01920E+00
     9.37202E-01      -2.02521E+00
     9.37702E-01      -2.03122E+00
     9.38198E-01      -2.03723E+00
     9.38690E-01      -2.04324E+00
     9.39178E-01      -2.04925E+00
     9.39662E-01      -2.05526E+00
     9.40142E-01      -2.06126E+00
     9.40618E-01      -2.06727E+00
     9.41090E-01      -2.07328E+00
     9.41559E-01      -2.07928E+00
     9.42023E-01      -2.08529E+00
     9.42484E-01      -2.09129E+00
     9.42941E-01      -2.09729E+00
     9.43394E-01      -2.10329E+00
     9.43844E-01      -2.10929E+00
     9.44290E-01      -2.11529E+00
     9.44732E-01      -2.12129E+00
     9.45170E-01      -2.12728E+00
     9.45605E-01      -2.13327E+00
     9.46036E-01      -2.13927E+00
     9.46464E-01      -2.14527E+00
     9.46888E-01      -2.15127E+00
     9.47308E-01      -2.15728E+00
     9.47725E-01      -2.16330E+00
     9.48139E-01      -2.16931E+00
     9.48549E-01      -2.17533E+00
     9.48956E-01      -2.18135E+00
     9.49035E-01      -2.18252E+00
     9.49006E-01      -2.18259E+00
     9.49199E-01      -2.18546E+00
     9.49500E-01      -2.18997E+00
     9.49799E-01      -2.19449E+00
     9.50097E-01      -2.19900E+00
     9.50392E-01      -2.20351E+00
     9.50686E-01      -2.20802E+00
     9.50978E-01      -2.21253E+00
     9.51268E-01      -2.21705E+00
     9.51556E-01      -2.22155E+00
     9.51843E-01      -2.22606E+00
     9.52127E-01      -2.23057E+00
     9.52410E-01      -2.23508E+00
     9.52691E-01      -2.23958E+00
     9.52971E-01      -2.24409E+00
     9.53248E-01      -2.24859E+00
     9.53524E-01      -2.25309E+00
     9.53798E-01      -2.25759E+00
     9.54071E-01      -2.26209E+00
     9.54341E-01      -2.26660E+00
     9.54610E-01      -2.27111E+00
     9.54877E-01      -2.27563E+00
     9.55143E-01      -2.28015E+00
     9.55407E-01      -2.28467E+00
     9.55669E-01      -2.28920E+00
     9.55930E-01      -2.29372E+00
     9.56189E-01      -2.29825E+00
     9.56446E-01      -2.30278E+00
     9.56702E-01      -2.30731E+00
     9.56956E-01      -2.31185E+00
     9.57208E-01      -2.31638E+00
     9.57459E-01      -2.32092E+00
     9.57709E-01      -2.32545E+00
     9.57956E-01      -2.32999E+00
     9.58203E-01      -2.33452E+00
     9.58447E-01      -2.33906E+00
     9.58690E-01      -2.34359E+00
     9.58932E-01      -2.34813E+00
     9.59172E-01      -2.35266E+00
     9.59410E-01      -2.35719E+00
     9.59648E-01      -2.36172E+00
     9.59883E-01      -2.36625E+00
     9.60117E-01      -2.37078E+00
     9.60350E-01      -2.37530E+00
     9.60581E-01      -2.37982E+00
     9.60810E-01      -2.38435E+00
     9.61038E-01      -2.38887E+00
     9.61265E-01      -2.39338E+00
     9.61490E-01      -2.39790E+00
     9.61714E-01      -2.40242E+00
     9.61937E-01      -2.40693E+00
     9.62158E-01      -2.41144E+00
     9.62377E-01      -2.41596E+00
     9.62595E-01      -2.42048E+00
     9.62812E-01      -2.42501E+00
     9.63027E-01      -2.42954E+00
     9.63241E-01      -2.43408E+00
     9.63454E-01      -2.43862E+00
     9.63665E-01      -2.44317E+00
     9.63875E-01      -2.44772E+00
     9.64084E-01      -2.45227E+00
     9.64291E-01      -2.45683E+00
     9.64497E-01      -2.46139E+00
     9.64702E-01      -2.46596E+00
     9.64905E-01      -2.47053E+00
     9.65107E-01      -2.47510E+00
     9.65308E-01      -2.47967E+00
     9.65508E-01      -2.48425E+00
     9.65706E-01      -2.48883E+00
     9.65903E-01      -2.49341E+00
     9.66099E-01      -2.49799E+00
     9.66294E-01      -2.50258E+00
     9.66487E-01      -2.50717E+00
     9.66679E-01      -2.51176E+00
     9.66870E-01      -2.51635E+00
     9.67060E-01      -2.52094E+00
     9.67248E-01      -2.52554E+00
     9.67436E-01      -2.53013E+00
     9.67622E-01      -2.53473E+00
     9.67807E-01      -2.53933E+00
     9.67991E-01      -2.54393E+00
     9.68173E-01      -2.54853E+00
     9.68355E-01      -2.55313E+00
     9.68535E-01      -2.55773E+00
     9.68715E-01      -2.56233E+00
     9.68893E-01      -2.56694E+00
     9.69070E-01      -2.57154E+00
     9.69246E-01      -2.57615E+00
     9.69421E-01      -2.58075E+00
     9.69594E-01      -2.58536E+00
     9.69767E-01      -2.58996E+00
     9.69939E-01      -2.59457E+00
     9.70109E-01      -2.59917E+00
     9.70278E-01      -2.60378E+00
     9.70447E-01      -2.60838E+00
     9.70614E-01      -2.61298E+00
     9.70780E-01      -2.61759E+00
     9.70945E-01      -2.62219E+00
     9.71110E-01      -2.62680E+00
     9.71273E-01      -2.63141E+00
     9.71435E-01      -2.63603E+00
     9.71596E-01      -2.64065E+00
     9.71756E-01      -2.64527E+00
     9.71915E-01      -2.64990E+00
     9.72073E-01      -2.65454E+00
     9.72230E-01      -2.65917E+00
     9.72386E-01      -2.66381E+00
     9.72541E-01      -2.66846E+00
     9.72695E-01      -2.67311E+00
     9.72848E-01      -2.67776E+00
     9.73000E-01      -2.68242E+00
     9.73152E-01      -2.68708E+00
     9.73302E-01      -2.69174E+00
     9.73451E-01      -2.69641E+00
     9.73600E-01      -2.70108E+00
     9.73747E-01      -2.70575E+00
     9.73894E-01      -2.71043E+00
     9.74040E-01      -2.71511E+00
     9.74185E-01      -2.71979E+00
     9.74329E-01      -2.72448E+00
     9.74472E-01      -2.72917E+00
     9.74614E-01      -2.73387E+00
     9.74755E-01      -2.73856E+00
     9.74896E-01      -2.74326E+00
     9.75035E-01      -2.74796E+00
     9.75174E-01      -2.75266E+00
     9.75312E-01      -2.75737E+00
     9.75449E-01      -2.76207E+00
     9.75585E-01      -2.76678E+00
     9.75720E-01      -2.77149E+00
     9.75855E-01      -2.77620E+00
     9.75988E-01      -2.78091E+00
     9.76121E-01      -2.78562E+00
     9.76253E-01      -2.79034E+00
     9.76385E-01      -2.79505E+00
     9.76515E-01      -2.79977E+00
     9.76645E-01      -2.80450E+00
     9.76773E-01      -2.80922E+00
     9.76901E-01      -2.81395E+00
     9.77029E-01      -2.81868E+00
     9.77155E-01      -2.82341E+00
     9.77281E-01      -2.82814E+00
     9.77406E-01      -2.83288E+00
     9.77530E-01      -2.83762E+00
     9.77654E-01      -2.84236E+00
     9.77776E-01      -2.84710E+00
     9.77898E-01      -2.85184E+00
     9.78019E-01      -2.85658E+00
     9.78140E-01      -2.86133E+00
     9.78260E-01      -2.86607E+00
     9.78379E-01      -2.87081E+00
     9.78497E-01      -2.87555E+00
     9.78615E-01      -2.88029E+00
     9.78731E-01      -2.88503E+00
     9.78848E-01      -2.88977E+00
     9.78963E-01      -2.89451E+00
     9.79078E-01      -2.89925E+00
     9.79192E-01      -2.90399E+00
     9.79305E-01      -2.90873E+00
     9.79418E-01      -2.91347E+00
     9.79530E-01      -2.91821E+00
     9.79641E-01      -2.92295E+00
     9.79751E-01      -2.92770E+00
     9.79861E-01      -2.93244E+00
     9.79971E-01      -2.93718E+00
     9.80079E-01      -2.94193E+00
     9.80187E-01      -2.94667E+00
     9.80294E-01      -2.95142E+00
     9.80401E-01      -2.95616E+00
     9.80507E-01      -2.96091E+00
     9.80612E-01      -2.96565E+00
     9.80717E-01      -2.97040E+00
     9.80821E-01      -2.97514E+00
     9.80924E-01      -2.97988E+00
     9.81027E-01      -2.98462E+00
     9.81129E-01      -2.98936E+00
     9.81230E-01      -2.99410E+00
     9.81331E-01      -2.99883E+00
     9.81432E-01      -3.00357E+00
     9.81531E-01      -3.00830E+00
     9.81630E-01      -3.01303E+00
     9.81729E-01      -3.01776E+00
     9.81826E-01      -3.02249E+00
     9.81924E-01      -3.02722E+00
     9.82020E-01      -3.03196E+00
     9.82116E-01      -3.03669E+00
     9.82212E-01      -3.04143E+00
     9.82306E-01      -3.04617E+00
     9.82401E-01      -3.05090E+00
     9.82494E-01      -3.05564E+00
     9.82588E-01      -3.06037E+00
     9.82680E-01      -3.06510E+00
     9.82772E-01      -3.06983E+00
     9.82863E-01      -3.07456E+00
     9.82954E-01      -3.07928E+00
     9.83044E-01      -3.08400E+00
     9.83134E-01      -3.08872E+00
     9.83223E-01      -3.09343E+00
     9.83312E-01      -3.09814E+00
     9.83400E-01      -3.10285E+00
     9.83487E-01      -3.10754E+00
     9.83574E-01      -3.11224E+00
     9.83661E-01      -3.11693E+00
     9.83746E-01      -3.12163E+00
     9.83832E-01      -3.12633E+00
     9.83916E-01      -3.13103E+00
     9.84001E-01      -3.13573E+00
     9.84084E-01      -3.14042E+00
     9.84168E-01      -3.14512E+00
     9.84250E-01      -3.14982E+00
     9.84332E-01      -3.15451E+00
     9.84414E-01      -3.15921E+00
     9.84495E-01      -3.16390E+00
     9.84576E-01      -3.16858E+00
     9.84656E-01      -3.17327E+00
     9.84735E-01      -3.17795E+00
     9.84815E-01      -3.18263E+00
     9.84893E-01      -3.18730E+00
     9.84971E-01      -3.19198E+00
     9.85049E-01      -3.19664E+00
     9.85126E-01      -3.20131E+00
     9.85203E-01      -3.20597E+00
     9.85279E-01      -3.21062E+00
     9.85354E-01      -3.21528E+00
     9.85430E-01      -3.21993E+00
     9.85504E-01      -3.22459E+00
     9.85578E-01      -3.22926E+00
     9.85652E-01      -3.23393E+00
     9.85725E-01      -3.23861E+00
     9.85798E-01      -3.24329E+00
     9.85871E-01      -3.24797E+00
     9.85942E-01      -3.25266E+00
     9.86014E-01      -3.25735E+00
     9.86085E-01      -3.26205E+00
     9.86155E-01      -3.26674E+00
     9.86225E-01      -3.27144E+00
     9.86295E-01      -3.27614E+00
     9.86364E-01      -3.28084E+00
     9.86433E-01      -3.28554E+00
     9.86502E-01      -3.29025E+00
     9.86569E-01      -3.29496E+00
     9.86637E-01      -3.29966E+00
     9.86704E-01      -3.30437E+00
     9.86771E-01      -3.30908E+00
     9.86837E-01      -3.31379E+00
     9.86903E-01      -3.31850E+00
     9.86968E-01      -3.32321E+00
     9.87033E-01      -3.32793E+00
     9.87098E-01      -3.33264E+00
     9.87162E-01      -3.33736E+00
     9.87226E-01      -3.34208E+00
     9.87289E-01      -3.34681E+00
     9.87352E-01      -3.35154E+00
     9.87415E-01      -3.35628E+00
     9.87477E-01      -3.36103E+00
     9.87539E-01      -3.36578E+00
     9.87600E-01      -3.37054E+00
     9.87661E-01      -3.37530E+00
     9.87722E-01      -3.38006E+00
     9.87782E-01      -3.38482E+00
     9.87842E-01      -3.38959E+00
     9.87902E-01      -3.39435E+00
     9.87961E-01      -3.39912E+00
     9.88020E-01      -3.40389E+00
     9.88078E-01      -3.40866E+00
     9.88136E-01      -3.41343E+00
     9.88194E-01      -3.41820E+00
     9.88252E-01      -3.42299E+00
     9.88309E-01      -3.42778E+00
     9.88365E-01      -3.43258E+00
     9.88422E-01      -3.43739E+00
     9.88478E-01      -3.44221E+00
     9.88533E-01      -3.44703E+00
     9.88589E-01      -3.45185E+00
     9.88644E-01      -3.45669E+00
     9.88698E-01      -3.46152E+00
     9.88753E-01      -3.46637E+00
     9.88807E-01      -3.47121E+00
     9.88860E-01      -3.47606E+00
     9.88914E-01      -3.48092E+00
     9.88967E-01      -3.48578E+00
     9.89020E-01      -3.49064E+00
     9.89072E-01      -3.49550E+00
     9.89075E-01      -3.49562E+00
     9.89079E-01      -3.49593E+00
     9.89082E-01      -3.49623E+00
     9.89085E-01      -3.49654E+00
     9.89088E-01      -3.49684E+00
     9.89092E-01      -3.49715E+00
     9.89095E-01      -3.49745E+00
     9.89098E-01      -3.49776E+00
     9.89101E-01      -3.49806E+00
     9.89105E-01      -3.49837E+00
     9.89108E-01      -3.49867E+00
     9.89111E-01      -3.49898E+00
     9.89115E-01      -3.49929E+00
     9.89118E-01      -3.49959E+00
     9.89170E-01      -3.50449E+00
     9.89221E-01      -3.50939E+00
     9.89272E-01      -3.51431E+00
     9.89323E-01      -3.51924E+00
     9.89374E-01      -3.52418E+00
     9.89424E-01      -3.52912E+00
     9.89474E-01      -3.53407E+00
     9.89524E-01      -3.53904E+00
     9.89574E-01      -3.54400E+00
     9.89623E-01      -3.54898E+00
     9.89672E-01      -3.55396E+00
     9.89720E-01      -3.55895E+00
     9.89769E-01      -3.56395E+00
     9.89817E-01      -3.56895E+00
     9.89865E-01      -3.57395E+00
     9.89912E-01      -3.57896E+00
     9.89960E-01      -3.58398E+00
     9.90007E-01      -3.58899E+00
     9.90053E-01      -3.59401E+00
     9.90100E-01      -3.59904E+00
     9.90146E-01      -3.60406E+00
     9.90192E-01      -3.60910E+00
     9.90238E-01      -3.61414E+00
     9.90283E-01      -3.61918E+00
     9.90328E-01      -3.62423E+00
     9.90373E-01      -3.62929E+00
     9.90418E-01      -3.63436E+00
     9.90463E-01      -3.63943E+00
     9.90507E-01      -3.64450E+00
     9.90551E-01      -3.64959E+00
     9.90595E-01      -3.65467E+00
     9.90638E-01      -3.65977E+00
     9.90681E-01      -3.66487E+00
     9.90725E-01      -3.66997E+00
     9.90767E-01      -3.67508E+00
     9.90810E-01      -3.68020E+00
     9.90852E-01      -3.68532E+00
     9.90894E-01      -3.69044E+00
     9.90936E-01      -3.69557E+00
     9.90978E-01      -3.70070E+00
     9.91019E-01      -3.70584E+00
     9.91061E-01      -3.71098E+00
     9.91102E-01      -3.71613E+00
     9.91142E-01      -3.72128E+00
     9.91183E-01      -3.72644E+00
     9.91223E-01      -3.73160E+00
     9.91264E-01      -3.73677E+00
     9.91303E-01      -3.74195E+00
     9.91343E-01      -3.74714E+00
     9.91383E-01      -3.75233E+00
     9.91422E-01      -3.75754E+00
     9.91461E-01      -3.76275E+00
     9.91500E-01      -3.76798E+00
     9.91539E-01      -3.77321E+00
     9.91577E-01      -3.77845E+00
     9.91616E-01      -3.78370E+00
     9.91654E-01      -3.78896E+00
     9.91692E-01      -3.79423E+00
     9.91729E-01      -3.79951E+00
     9.91767E-01      -3.80480E+00
     9.91804E-01      -3.81009E+00
     9.91841E-01      -3.81539E+00
     9.91878E-01      -3.82070E+00
     9.91915E-01      -3.82602E+00
     9.91952E-01      -3.83135E+00
     9.91988E-01      -3.83668E+00
     9.92025E-01      -3.84202E+00
     9.92061E-01      -3.84737E+00
     9.92097E-01      -3.85272E+00
     9.92132E-01      -3.85806E+00
     9.92168E-01      -3.86340E+00
     9.92203E-01      -3.86875E+00
     9.92238E-01      -3.87409E+00
     9.92273E-01      -3.87943E+00
     9.92308E-01      -3.88477E+00
     9.92343E-01      -3.89011E+00
     9.92378E-01      -3.89545E+00
     9.92412E-01      -3.90080E+00
     9.92446E-01      -3.90615E+00
     9.92480E-01      -3.91150E+00
     9.92514E-01      -3.91686E+00
     9.92548E-01      -3.92222E+00
     9.92581E-01      -3.92758E+00
     9.92615E-01      -3.93296E+00
     9.92648E-01      -3.93833E+00
     9.92681E-01      -3.94372E+00
     9.92714E-01      -3.94911E+00
     9.92747E-01      -3.95450E+00
     9.92779E-01      -3.95991E+00
     9.92812E-01      -3.96532E+00
     9.92844E-01      -3.97073E+00
     9.92876E-01      -3.97615E+00
     9.92908E-01      -3.98158E+00
     9.92940E-01      -3.98702E+00
     9.92971E-01      -3.99246E+00
     9.93003E-01      -3.99791E+00
     9.93034E-01      -4.00337E+00
     9.93066E-01      -4.00884E+00
     9.93097E-01      -4.01431E+00
     9.93128E-01      -4.01979E+00
     9.93158E-01      -4.02527E+00
     9.93189E-01      -4.03076E+00
     9.93220E-01      -4.03626E+00
     9.93250E-01      -4.04177E+00
     9.93280E-01      -4.04728E+00
     9.93310E-01      -4.05280E+00
     9.93340E-01      -4.05833E+00
     9.93370E-01      -4.06386E+00
     9.93400E-01      -4.06940E+00
     9.93430E-01      -4.07494E+00
     9.93459E-01      -4.08049E+00
     9.93488E-01      -4.08605E+00
     9.93517E-01      -4.09161E+00
     9.93547E-01      -4.09718E+00
     9.93576E-01      -4.10274E+00
     9.93604E-01      -4.10829E+00
     9.93633E-01      -4.11384E+00
     9.93662E-01      -4.11938E+00
     9.93690E-01      -4.12492E+00
     9.93718E-01      -4.13045E+00
     9.93746E-01      -4.13598E+00
     9.93774E-01      -4.14151E+00
     9.93802E-01      -4.14703E+00
     9.93830E-01      -4.15256E+00
     9.93858E-01      -4.15808E+00
     9.93885E-01      -4.16361E+00
     9.93913E-01      -4.16914E+00
     9.93940E-01      -4.17467E+00
     9.93967E-01      -4.18021E+00
     9.93994E-01      -4.18575E+00
     9.94021E-01      -4.19130E+00
     9.94048E-01      -4.19685E+00
     9.94075E-01      -4.20241E+00
     9.94101E-01      -4.20798E+00
     9.94128E-01      -4.21355E+00
     9.94154E-01      -4.21913E+00
     9.94181E-01      -4.22472E+00
     9.94207E-01      -4.23032E+00
     9.94233E-01      -4.23593E+00
     9.94259E-01      -4.24155E+00
     9.94284E-01      -4.24718E+00
     9.94310E-01      -4.25281E+00
     9.94336E-01      -4.25846E+00
     9.94361E-01      -4.26412E+00
     9.94386E-01      -4.26978E+00
     9.94412E-01      -4.27546E+00
     9.94437E-01      -4.28115E+00
     9.94462E-01      -4.28685E+00
     9.94487E-01      -4.29256E+00
     9.94512E-01      -4.29828E+00
     9.94536E-01      -4.30401E+00
     9.94561E-01      -4.30975E+00
     9.94586E-01      -4.31551E+00
     9.94610E-01      -4.32127E+00
     9.94634E-01      -4.32704E+00
     9.94659E-01      -4.33283E+00
     9.94683E-01      -4.33862E+00
     9.94707E-01      -4.34442E+00
     9.94731E-01      -4.35022E+00
     9.94755E-01      -4.35602E+00
     9.94779E-01      -4.36180E+00
     9.94802E-01      -4.36759E+00
     9.94826E-01      -4.37336E+00
     9.94849E-01      -4.37913E+00
     9.94873E-01      -4.38490E+00
     9.94896E-01      -4.39067E+00
     9.94919E-01      -4.39643E+00
     9.94943E-01      -4.40219E+00
     9.94966E-01      -4.40795E+00
     9.94989E-01      -4.41371E+00
     9.95011E-01      -4.41947E+00
     9.95034E-01      -4.42523E+00
     9.95057E-01      -4.43099E+00
     9.95080E-01      -4.43674E+00
     9.95102E-01      -4.44250E+00
     9.95124E-01      -4.44824E+00
     9.95147E-01      -4.45399E+00
     9.95169E-01      -4.45973E+00
     9.95191E-01      -4.46547E+00
     9.95213E-01      -4.47121E+00
     9.95235E-01      -4.47695E+00
     9.95257E-01      -4.48270E+00
     9.95279E-01      -4.48844E+00
     9.95301E-01      -4.49419E+00
     9.95322E-01      -4.49994E+00
     9.95344E-01      -4.50569E+00
     9.95365E-01      -4.51145E+00
     9.95387E-01      -4.51722E+00
     9.95408E-01      -4.52298E+00
     9.95429E-01      -4.52876E+00
     9.95450E-01      -4.53454E+00
     9.95471E-01      -4.54032E+00
     9.95492E-01      -4.54612E+00
     9.95513E-01      -4.55192E+00
     9.95534E-01      -4.55773E+00
     9.95555E-01      -4.56354E+00
     9.95575E-01      -4.56937E+00
     9.95596E-01      -4.57520E+00
     9.95616E-01      -4.58104E+00
     9.95637E-01      -4.58689E+00
     9.95657E-01      -4.59275E+00
     9.95677E-01      -4.59862E+00
     9.95698E-01      -4.60447E+00
     9.95718E-01      -4.61032E+00
     9.95738E-01      -4.61615E+00
     9.95758E-01      -4.62198E+00
     9.95777E-01      -4.62781E+00
     9.95797E-01      -4.63363E+00
     9.95817E-01      -4.63945E+00
     9.95837E-01      -4.64526E+00
     9.95856E-01      -4.65108E+00
     9.95876E-01      -4.65690E+00
     9.95895E-01      -4.66272E+00
     9.95915E-01      -4.66854E+00
     9.95934E-01      -4.67436E+00
     9.95953E-01      -4.68019E+00
     9.95972E-01      -4.68603E+00
     9.95991E-01      -4.69187E+00
     9.96010E-01      -4.69772E+00
     9.96029E-01      -4.70357E+00
     9.96048E-01      -4.70943E+00
     9.96067E-01      -4.71530E+00
     9.96085E-01      -4.72118E+00
     9.96104E-01      -4.72707E+00
     9.96123E-01      -4.73297E+00
     9.96141E-01      -4.73888E+00
     9.96160E-01      -4.74479E+00
     9.96178E-01      -4.75072E+00
     9.96196E-01      -4.75666E+00
     9.96214E-01      -4.76261E+00
     9.96233E-01      -4.76857E+00
     9.96251E-01      -4.77455E+00
     9.96269E-01      -4.78053E+00
     9.96287E-01      -4.78653E+00
     9.96305E-01      -4.79253E+00
     9.96323E-01      -4.79855E+00
     9.96340E-01      -4.80458E+00
     9.96358E-01      -4.81062E+00
     9.96376E-01      -4.81667E+00
     9.96393E-01      -4.82273E+00
     9.96411E-01      -4.82880E+00
     9.96428E-01      -4.83488E+00
     9.96446E-01      -4.84097E+00
     9.96463E-01      -4.84706E+00
     9.96481E-01      -4.85315E+00
     9.96498E-01      -4.85921E+00
     9.96515E-01      -4.86527E+00
     9.96532E-01      -4.87131E+00
     9.96549E-01      -4.87734E+00
     9.96567E-01      -4.88336E+00
     9.96584E-01      -4.88937E+00
     9.96601E-01      -4.89538E+00
     9.96617E-01      -4.90138E+00
     9.96634E-01      -4.90738E+00
     9.96651E-01      -4.91336E+00
     9.96668E-01      -4.91934E+00
     9.96684E-01      -4.92531E+00
     9.96701E-01      -4.93128E+00
     9.96718E-01      -4.93724E+00
     9.96734E-01      -4.94319E+00
     9.96750E-01      -4.94915E+00
     9.96767E-01      -4.95510E+00
     9.96783E-01      -4.96105E+00
     9.96799E-01      -4.96701E+00
     9.96816E-01      -4.97296E+00
     9.96832E-01      -4.97892E+00
     9.96848E-01      -4.98488E+00
     9.96864E-01      -4.99085E+00
     9.96880E-01      -4.99682E+00
     9.96896E-01      -5.00279E+00
     9.96911E-01      -5.00877E+00
     9.96927E-01      -5.01476E+00
     9.96943E-01      -5.02076E+00
     9.96959E-01      -5.02676E+00
     9.96974E-01      -5.03277E+00
     9.96990E-01      -5.03879E+00
     9.97005E-01      -5.04482E+00
     9.97021E-01      -5.05085E+00
     9.97036E-01      -5.05690E+00
     9.97052E-01      -5.06296E+00
     9.97067E-01      -5.06902E+00
     9.97082E-01      -5.07510E+00
     9.97098E-01      -5.08119E+00
     9.97113E-01      -5.08729E+00
     9.97128E-01      -5.09339E+00
     9.97143E-01      -5.09950E+00
     9.97158E-01      -5.10559E+00
     9.97173E-01      -5.11167E+00
     9.97188E-01      -5.11773E+00
     9.97203E-01      -5.12379E+00
     9.97218E-01      -5.12983E+00
     9.97232E-01      -5.13587E+00
     9.97247E-01      -5.14191E+00
     9.97262E-01      -5.14795E+00
     9.97277E-01      -5.15398E+00
     9.97291E-01      -5.16002E+00
     9.97306E-01      -5.16605E+00
     9.97320E-01      -5.17209E+00
     9.97335E-01      -5.17812E+00
     9.97349E-01      -5.18415E+00
     9.97363E-01      -5.19017E+00
     9.97378E-01      -5.19620E+00
     9.97392E-01      -5.20223E+00
     9.97406E-01      -5.20825E+00
     9.97420E-01      -5.21428E+00
     9.97434E-01      -5.22031E+00
     9.97449E-01      -5.22634E+00
     9.97463E-01      -5.23238E+00
     9.97477E-01      -5.23842E+00
     9.97490E-01      -5.24446E+00
     9.97504E-01      -5.25051E+00
     9.97518E-01      -5.25656E+00
     9.97532E-01      -5.26262E+00
     9.97546E-01      -5.26869E+00
     9.97559E-01      -5.27476E+00
     9.97573E-01      -5.28084E+00
     9.97587E-01      -5.28692E+00
     9.97600E-01      -5.29301E+00
     9.97614E-01      -5.29910E+00
     9.97627E-01      -5.30521E+00
     9.97641E-01      -5.31132E+00
     9.97654E-01      -5.31743E+00
     9.97667E-01      -5.32355E+00
     9.97681E-01      -5.32969E+00
     9.97694E-01      -5.33582E+00
     9.97707E-01      -5.34197E+00
     9.97720E-01      -5.34811E+00
     9.97734E-01      -5.35423E+00
     9.97747E-01      -5.36034E+00
     9.97760E-01      -5.36642E+00
     9.97773E-01      -5.37249E+00
     9.97786E-01      -5.37855E+00
     9.97799E-01      -5.38460E+00
     9.97812E-01      -5.39064E+00
     9.97824E-01      -5.39667E+00
     9.97837E-01      -5.40270E+00
     9.97850E-01      -5.40873E+00
     9.97863E-01      -5.41476E+00
     9.97875E-01      -5.42079E+00
     9.97888E-01      -5.42683E+00
     9.97901E-01      -5.43286E+00
     9.97913E-01      -5.43891E+00
     9.97926E-01      -5.44495E+00
     9.97938E-01      -5.45101E+00
     9.97951E-01      -5.45708E+00
     9.97963E-01      -5.46315E+00
     9.97975E-01      -5.46923E+00
     9.97988E-01      -5.47533E+00
     9.98000E-01      -5.48144E+00
     9.98012E-01      -5.48755E+00
     9.98024E-01      -5.49366E+00
     9.98036E-01      -5.49978E+00
     9.98049E-01      -5.50590E+00
     9.98061E-01      -5.51203E+00
     9.98073E-01      -5.51816E+00
     9.98085E-01      -5.52430E+00
     9.98097E-01      -5.53044E+00
     9.98109E-01      -5.53659E+00
     9.98120E-01      -5.54274E+00
     9.98132E-01      -5.54889E+00
     9.98144E-01      -5.55505E+00
     9.98156E-01      -5.56122E+00
     9.98168E-01      -5.56739E+00
     9.98179E-01      -5.57356E+00
     9.98191E-01      -5.57973E+00
     9.98203E-01      -5.58591E+00
     9.98214E-01      -5.59209E+00
     9.98226E-01      -5.59826E+00
     9.98237E-01      -5.60441E+00
     9.98249E-01      -5.61054E+00
     9.98260E-01      -5.61664E+00
     9.98272E-01      -5.62272E+00
     9.98283E-01      -5.62879E+00
     9.98294E-01      -5.63484E+00
     9.98306E-01      -5.64088E+00
     9.98317E-01      -5.64691E+00
     9.98328E-01      -5.65293E+00
     9.98340E-01      -5.65895E+00
     9.98351E-01      -5.66496E+00
     9.98362E-01      -5.67096E+00
     9.98373E-01      -5.67697E+00
     9.98384E-01      -5.68297E+00
     9.98395E-01      -5.68897E+00
     9.98406E-01      -5.69497E+00
     9.98417E-01      -5.70098E+00
     9.98428E-01      -5.70699E+00
     9.98439E-01      -5.71299E+00
     9.98449E-01      -5.71901E+00
     9.98460E-01      -5.72503E+00
     9.98471E-01      -5.73105E+00
     9.98482E-01      -5.73708E+00
     9.98492E-01      -5.74311E+00
     9.98503E-01      -5.74915E+00
     9.98514E-01      -5.75520E+00
     9.98524E-01      -5.76125E+00
     9.98535E-01      -5.76732E+00
     9.98545E-01      -5.77338E+00
     9.98556E-01      -5.77946E+00
     9.98566E-01      -5.78555E+00
     9.98576E-01      -5.79164E+00
     9.98587E-01      -5.79774E+00
     9.98597E-01      -5.80386E+00
     9.98607E-01      -5.80998E+00
     9.98618E-01      -5.81611E+00
     9.98628E-01      -5.82224E+00
     9.98638E-01      -5.82839E+00
     9.98648E-01      -5.83455E+00
     9.98658E-01      -5.84072E+00
     9.98669E-01      -5.84689E+00
     9.98679E-01      -5.85305E+00
     9.98689E-01      -5.85918E+00
     9.98699E-01      -5.86529E+00
     9.98709E-01      -5.87138E+00
     9.98719E-01      -5.87746E+00
     9.98729E-01      -5.88352E+00
     9.98738E-01      -5.88957E+00
     9.98748E-01      -5.89561E+00
     9.98758E-01      -5.90164E+00
     9.98768E-01      -5.90766E+00
     9.98778E-01      -5.91368E+00
     9.98787E-01      -5.91969E+00
     9.98797E-01      -5.92570E+00
     9.98807E-01      -5.93170E+00
     9.98816E-01      -5.93770E+00
     9.98826E-01      -5.94371E+00
     9.98836E-01      -5.94970E+00
     9.98845E-01      -5.95570E+00
     9.98855E-01      -5.96170E+00
     9.98864E-01      -5.96770E+00
     9.98873E-01      -5.97370E+00
     9.98883E-01      -5.97970E+00
     9.98892E-01      -5.98570E+00
     9.98901E-01      -5.99170E+00
     9.98911E-01      -5.99770E+00
     9.98920E-01      -6.00370E+00
     9.98929E-01      -6.00970E+00
     9.98939E-01      -6.01571E+00
     9.98948E-01      -6.02171E+00
     9.98957E-01      -6.02772E+00
     9.98966E-01      -6.03372E+00
     9.98975E-01      -6.03972E+00
     9.98984E-01      -6.04573E+00
     9.98993E-01      -6.05173E+00
     9.99002E-01      -6.05773E+00
     9.99011E-01      -6.06373E+00
     9.99020E-01      -6.06973E+00
     9.99029E-01      -6.07573E+00
     9.99038E-01      -6.08173E+00
     9.99047E-01      -6.08772E+00
     9.99055E-01      -6.09371E+00
     9.99064E-01      -6.09969E+00
     9.99073E-01      -6.10565E+00
     9.99081E-01      -6.11158E+00
     9.99090E-01      -6.11749E+00
     9.99099E-01      -6.12338E+00
     9.99107E-01      -6.12926E+00
     9.99116E-01      -6.13512E+00
     9.99125E-01      -6.14098E+00
     9.99133E-01      -6.14682E+00
     9.99142E-01      -6.15265E+00
     9.99150E-01      -6.15847E+00
     9.99158E-01      -6.16429E+00
     9.99167E-01      -6.17010E+00
     9.99175E-01      -6.17590E+00
     9.99184E-01      -6.18171E+00
     9.99192E-01      -6.18750E+00
     9.99200E-01      -6.19330E+00
     9.99208E-01      -6.19910E+00
     9.99216E-01      -6.20489E+00
     9.99225E-01      -6.21068E+00
     9.99233E-01      -6.21648E+00
     9.99241E-01      -6.22227E+00
     9.99249E-01      -6.22807E+00
     9.99257E-01      -6.23386E+00
     9.99265E-01      -6.23966E+00
     9.99273E-01      -6.24546E+00
     9.99281E-01      -6.25125E+00
     9.99289E-01      -6.25704E+00
     9.99297E-01      -6.26283E+00
     9.99305E-01      -6.26861E+00
     9.99312E-01      -6.27439E+00
     9.99320E-01      -6.28017E+00
     9.99328E-01      -6.28594E+00
     9.99336E-01      -6.29170E+00
     9.99343E-01      -6.29747E+00
     9.99351E-01      -6.30322E+00
     9.99359E-01      -6.30897E+00
     9.99366E-01      -6.31471E+00
     9.99374E-01      -6.32044E+00
     9.99381E-01      -6.32616E+00
     9.99389E-01      -6.33187E+00
     9.99396E-01      -6.33758E+00
     9.99404E-01      -6.34327E+00
     9.99411E-01      -6.34895E+00
     9.99419E-01      -6.35461E+00
     9.99426E-01      -6.36024E+00
     9.99433E-01      -6.36584E+00
     9.99440E-01      -6.37143E+00
     9.99448E-01      -6.37700E+00
     9.99455E-01      -6.38254E+00
     9.99462E-01      -6.38807E+00
     9.99469E-01      -6.39358E+00
     9.99476E-01      -6.39908E+00
     9.99484E-01      -6.40456E+00
     9.99491E-01      -6.41002E+00
     9.99498E-01      -6.41548E+00
     9.99505E-01      -6.42092E+00
     9.99512E-01      -6.42635E+00
     9.99519E-01      -6.43176E+00
     9.99525E-01      -6.43716E+00
     9.99532E-01      -6.44255E+00
     9.99539E-01      -6.44792E+00
     9.99546E-01      -6.45328E+00
     9.99553E-01      -6.45862E+00
     9.99559E-01      -6.46394E+00
     9.99566E-01      -6.46925E+00
     9.99573E-01      -6.47453E+00
     9.99579E-01      -6.47980E+00
     9.99586E-01      -6.48504E+00
     9.99593E-01      -6.49027E+00
     9.99599E-01      -6.49546E+00
     9.99606E-01      -6.50064E+00
     9.99612E-01      -6.50579E+00
     9.99618E-01      -6.51091E+00
     9.99625E-01      -6.51600E+00
     9.99631E-01      -6.52106E+00
     9.99637E-01      -6.52608E+00
     9.99644E-01      -6.53108E+00
     9.99650E-01      -6.53603E+00
     9.99656E-01      -6.54096E+00
     9.99662E-01      -6.54586E+00
     9.99669E-01      -6.55073E+00
     9.99675E-01      -6.55557E+00
     9.99681E-01      -6.56038E+00
     9.99687E-01      -6.56516E+00
     9.99693E-01      -6.56989E+00
     9.99699E-01      -6.57459E+00
     9.99705E-01      -6.57924E+00
     9.99710E-01      -6.58385E+00
     9.99716E-01      -6.58841E+00
     9.99722E-01      -6.59291E+00
     9.99728E-01      -6.59736E+00
     9.99734E-01      -6.60174E+00
     9.99739E-01      -6.60605E+00
     9.99745E-01      -6.61028E+00
     9.99750E-01      -6.61444E+00
     9.99756E-01      -6.61851E+00
     9.99761E-01      -6.62248E+00
     9.99767E-01      -6.62638E+00
     9.99772E-01      -6.63019E+00
     9.99778E-01      -6.63392E+00
     9.99783E-01      -6.63756E+00
     9.99788E-01      -6.64111E+00
     9.99793E-01      -6.64454E+00
     9.99799E-01      -6.64787E+00
     9.99804E-01      -6.65107E+00
     9.99809E-01      -6.65413E+00
     9.99814E-01      -6.65705E+00
     9.99819E-01      -6.65980E+00
     9.99824E-01      -6.66238E+00
     9.99828E-01      -6.66477E+00
     9.99833E-01      -6.66697E+00
     9.99838E-01      -6.66900E+00
     9.99843E-01      -6.67087E+00
     9.99847E-01      -6.67259E+00
     9.99852E-01      -6.67417E+00
     9.99856E-01      -6.67563E+00
     9.99861E-01      -6.67703E+00
     9.99865E-01      -6.67840E+00
     9.99869E-01      -6.67982E+00
     9.99874E-01      -6.68137E+00
     9.99878E-01      -6.68315E+00
     9.99882E-01      -6.68524E+00
     9.99886E-01      -6.68769E+00
     9.99890E-01      -6.69050E+00
     9.99894E-01      -6.69364E+00
     9.99898E-01      -6.69709E+00
     9.99902E-01      -6.70082E+00
     9.99906E-01      -6.70479E+00
     9.99910E-01      -6.70898E+00
     9.99914E-01      -6.71337E+00
     9.99917E-01      -6.71794E+00
     9.99921E-01      -6.72267E+00
     9.99925E-01      -6.72755E+00
     9.99929E-01      -6.73256E+00
     9.99932E-01      -6.73770E+00
     9.99936E-01      -6.74296E+00
     9.99940E-01      -6.74832E+00
     9.99943E-01      -6.75378E+00
     9.99947E-01      -6.75933E+00
     9.99951E-01      -6.76497E+00
     9.99954E-01      -6.77069E+00
     9.99958E-01      -6.77648E+00
     9.99961E-01      -6.78235E+00
     9.99965E-01      -6.78829E+00
     9.99968E-01      -6.79429E+00
     9.99972E-01      -6.80035E+00
     9.99976E-01      -6.80646E+00
     9.99979E-01      -6.81263E+00
     9.99983E-01      -6.81884E+00
     9.99986E-01      -6.82511E+00
     9.99990E-01      -6.83141E+00
     9.99993E-01      -6.83776E+00
     9.99997E-01      -6.84415E+00
     1.00000E+00      -6.83951E+00
     1.00000E+00      -6.84250E+00
     1.00001E+00      -6.84550E+00
     1.00001E+00      -6.84851E+00
     1.00001E+00      -6.85154E+00
     1.00001E+00      -6.85457E+00
     1.00001E+00      -6.85761E+00
     1.00001E+00      -6.86067E+00
     1.00002E+00      -6.86373E+00
     1.00002E+00      -6.86680E+00
     1.00002E+00      -6.86989E+00
     1.00002E+00      -6.87298E+00
     1.00002E+00      -6.87608E+00
     1.00003E+00      -6.87920E+00
     1.00003E+00      -6.88232E+00
     1.00003E+00      -6.88545E+00
     1.00003E+00      -6.88860E+00
     1.00003E+00      -6.89175E+00
     1.00004E+00      -6.89491E+00
     1.00004E+00      -6.89808E+00
     1.00004E+00      -6.90126E+00
     1.00004E+00      -6.90444E+00
     1.00004E+00      -6.90764E+00
     1.00004E+00      -6.91085E+00
     1.00005E+00      -6.91406E+00
     1.00005E+00      -6.91728E+00
     1.00005E+00      -6.92051E+00
     1.00005E+00      -6.92375E+00
     1.00005E+00      -6.92700E+00
     1.00006E+00      -6.93026E+00
     1.00006E+00      -6.93352E+00
     1.00006E+00      -6.93679E+00
     1.00006E+00      -6.94007E+00
     1.00006E+00      -6.94336E+00
     1.00006E+00      -6.94665E+00
     1.00007E+00      -6.94995E+00
     1.00007E+00      -6.95326E+00
     1.00007E+00      -6.95658E+00
     1.00007E+00      -6.95990E+00
     1.00007E+00      -6.96324E+00
     1.00008E+00      -6.96657E+00
     1.00008E+00      -6.96992E+00
     1.00008E+00      -6.97327E+00
     1.00008E+00      -6.97663E+00
     1.00008E+00      -6.98000E+00
     1.00008E+00      -6.98337E+00
     1.00009E+00      -6.98675E+00
     1.00009E+00      -6.99014E+00
     1.00009E+00      -6.99353E+00
     1.00009E+00      -6.99693E+00
     1.00009E+00      -7.00033E+00
     1.00010E+00      -7.00374E+00
     1.00010E+00      -7.00716E+00
     1.00010E+00      -7.01059E+00
     1.00010E+00      -7.01402E+00
     1.00010E+00      -7.01746E+00
     1.00010E+00      -7.02090E+00
     1.00011E+00      -7.02435E+00
     1.00011E+00      -7.02781E+00
     1.00011E+00      -7.03128E+00
     1.00011E+00      -7.03476E+00
     1.00011E+00      -7.03824E+00
     1.00011E+00      -7.04173E+00
     1.00012E+00      -7.04522E+00
     1.00012E+00      -7.04872E+00
     1.00012E+00      -7.05223E+00
     1.00012E+00      -7.05575E+00
     1.00012E+00      -7.05928E+00
     1.00013E+00      -7.06281E+00
     1.00013E+00      -7.06634E+00
     1.00013E+00      -7.06989E+00
     1.00013E+00      -7.07344E+00
     1.00013E+00      -7.07700E+00
     1.00013E+00      -7.08056E+00
     1.00014E+00      -7.08414E+00
     1.00014E+00      -7.08771E+00
     1.00014E+00      -7.09130E+00
     1.00014E+00      -7.09489E+00
     1.00014E+00      -7.09849E+00
     1.00014E+00      -7.10209E+00
     1.00015E+00      -7.10570E+00
     1.00015E+00      -7.10932E+00
     1.00015E+00      -7.11294E+00
     1.00015E+00      -7.11657E+00
     1.00015E+00      -7.12021E+00
     1.00016E+00      -7.12385E+00
     1.00016E+00      -7.12750E+00
     1.00016E+00      -7.13115E+00
     1.00016E+00      -7.13482E+00
     1.00016E+00      -7.13848E+00
     1.00016E+00      -7.14215E+00
     1.00017E+00      -7.14583E+00
     1.00017E+00      -7.14952E+00
     1.00017E+00      -7.15321E+00
     1.00017E+00      -7.15690E+00
     1.00017E+00      -7.16060E+00
     1.00017E+00      -7.16431E+00
     1.00018E+00      -7.16803E+00
     1.00018E+00      -7.17174E+00
     1.00018E+00      -7.17547E+00
     1.00018E+00      -7.17920E+00
     1.00018E+00      -7.18293E+00
     1.00019E+00      -7.18667E+00
     1.00019E+00      -7.19042E+00
     1.00019E+00      -7.19417E+00
     1.00019E+00      -7.19793E+00
     1.00019E+00      -7.20169E+00
     1.00019E+00      -7.20545E+00
     1.00020E+00      -7.20923E+00
     1.00020E+00      -7.21300E+00
     1.00020E+00      -7.21678E+00
     1.00020E+00      -7.22057E+00
     1.00020E+00      -7.22436E+00
     1.00020E+00      -7.22816E+00
     1.00021E+00      -7.23196E+00
     1.00021E+00      -7.23576E+00
     1.00021E+00      -7.23958E+00
     1.00021E+00      -7.24339E+00
     1.00021E+00      -7.24721E+00
     1.00022E+00      -7.25103E+00
     1.00022E+00      -7.25486E+00
     1.00022E+00      -7.25869E+00
     1.00022E+00      -7.26253E+00
     1.00022E+00      -7.26637E+00
     1.00022E+00      -7.27022E+00
     1.00023E+00      -7.27407E+00
     1.00023E+00      -7.27792E+00
     1.00023E+00      -7.28178E+00
     1.00023E+00      -7.28564E+00
     1.00023E+00      -7.28951E+00
     1.00023E+00      -7.29338E+00
     1.00024E+00      -7.29725E+00
     1.00024E+00      -7.30113E+00
     1.00024E+00      -7.30501E+00
     1.00024E+00      -7.30889E+00
     1.00024E+00      -7.31278E+00
     1.00025E+00      -7.31667E+00
     1.00025E+00      -7.32057E+00
     1.00025E+00      -7.32447E+00
     1.00025E+00      -7.32837E+00
     1.00025E+00      -7.33228E+00
     1.00025E+00      -7.33618E+00
     1.00026E+00      -7.34010E+00
     1.00026E+00      -7.34401E+00
     1.00026E+00      -7.34793E+00
     1.00026E+00      -7.35185E+00
     1.00026E+00      -7.35578E+00
     1.00026E+00      -7.35970E+00
     1.00027E+00      -7.36363E+00
     1.00027E+00      -7.36757E+00
     1.00027E+00      -7.37150E+00
     1.00027E+00      -7.37544E+00
     1.00027E+00      -7.37938E+00
     1.00027E+00      -7.38333E+00
     1.00028E+00      -7.38728E+00
     1.00028E+00      -7.39123E+00
     1.00028E+00      -7.39518E+00
     1.00028E+00      -7.39913E+00
     1.00028E+00      -7.40309E+00
     1.00029E+00      -7.40705E+00
     1.00029E+00      -7.41101E+00
     1.00029E+00      -7.41497E+00
     1.00029E+00      -7.41894E+00
     1.00029E+00      -7.42291E+00
     1.00029E+00      -7.42688E+00
     1.00030E+00      -7.43085E+00
     1.00030E+00      -7.43483E+00
     1.00030E+00      -7.43880E+00
     1.00030E+00      -7.44278E+00
     1.00030E+00      -7.44676E+00
     1.00030E+00      -7.45075E+00
     1.00031E+00      -7.45473E+00
     1.00031E+00      -7.45872E+00
     1.00031E+00      -7.46270E+00
     1.00031E+00      -7.46669E+00
     1.00031E+00      -7.47069E+00
     1.00031E+00      -7.47468E+00
     1.00032E+00      -7.47867E+00
     1.00032E+00      -7.48267E+00
     1.00032E+00      -7.48667E+00
     1.00032E+00      -7.49067E+00
     1.00032E+00      -7.49467E+00
     1.00032E+00      -7.49867E+00
     1.00033E+00      -7.50267E+00
     1.00033E+00      -7.50668E+00
     1.00033E+00      -7.51068E+00
     1.00033E+00      -7.51469E+00
     1.00033E+00      -7.51870E+00
     1.00033E+00      -7.52271E+00
     1.00034E+00      -7.52672E+00
     1.00034E+00      -7.53073E+00
     1.00034E+00      -7.53474E+00
     1.00034E+00      -7.53876E+00
     1.00034E+00      -7.54277E+00
     1.00035E+00      -7.54679E+00
     1.00035E+00      -7.55080E+00
     1.00035E+00      -7.55482E+00
     1.00035E+00      -7.55884E+00
     1.00035E+00      -7.56286E+00
     1.00035E+00      -7.56688E+00
     1.00036E+00      -7.57090E+00
     1.00036E+00      -7.57492E+00
     1.00036E+00      -7.57894E+00
     1.00036E+00      -7.58297E+00
     1.00036E+00      -7.58699E+00
     1.00036E+00      -7.59102E+00
     1.00037E+00      -7.59504E+00
     1.00037E+00      -7.59907E+00
     1.00037E+00      -7.60309E+00
     1.00037E+00      -7.60712E+00
     1.00037E+00      -7.61114E+00
     1.00037E+00      -7.61517E+00
     1.00038E+00      -7.61920E+00
     1.00038E+00      -7.62323E+00
     1.00038E+00      -7.62726E+00
     1.00038E+00      -7.63129E+00
     1.00038E+00      -7.63532E+00
     1.00038E+00      -7.63935E+00
     1.00039E+00      -7.64338E+00
     1.00039E+00      -7.64741E+00
     1.00039E+00      -7.65145E+00
     1.00039E+00      -7.65548E+00
     1.00039E+00      -7.65951E+00
     1.00039E+00      -7.66355E+00
     1.00040E+00      -7.66758E+00
     1.00040E+00      -7.67161E+00
     1.00040E+00      -7.67565E+00
     1.00040E+00      -7.67968E+00
     1.00040E+00      -7.68372E+00
     1.00040E+00      -7.68775E+00
     1.00041E+00      -7.69179E+00
     1.00041E+00      -7.69583E+00
     1.00041E+00      -7.69986E+00
     1.00041E+00      -7.70390E+00
     1.00041E+00      -7.70794E+00
     1.00042E+00      -7.71197E+00
     1.00042E+00      -7.71601E+00
     1.00042E+00      -7.72005E+00
     1.00042E+00      -7.72409E+00
     1.00042E+00      -7.72812E+00
     1.00042E+00      -7.73216E+00
     1.00043E+00      -7.73620E+00
     1.00043E+00      -7.74024E+00
     1.00043E+00      -7.74428E+00
     1.00043E+00      -7.74831E+00
     1.00043E+00      -7.75235E+00
     1.00043E+00      -7.75639E+00
     1.00044E+00      -7.76043E+00
     1.00044E+00      -7.76447E+00
     1.00044E+00      -7.76851E+00
     1.00044E+00      -7.77255E+00
     1.00044E+00      -7.77658E+00
     1.00044E+00      -7.78062E+00
     1.00045E+00      -7.78466E+00
     1.00045E+00      -7.78870E+00
     1.00045E+00      -7.79274E+00
     1.00045E+00      -7.79678E+00
     1.00045E+00      -7.80082E+00
     1.00045E+00      -7.80486E+00
     1.00046E+00      -7.80889E+00
     1.00046E+00      -7.81293E+00
     1.00046E+00      -7.81697E+00
     1.00046E+00      -7.82101E+00
     1.00046E+00      -7.82505E+00
     1.00046E+00      -7.82909E+00
     1.00047E+00      -7.83312E+00
     1.00047E+00      -7.83716E+00
     1.00047E+00      -7.84120E+00
     1.00047E+00      -7.84524E+00
     1.00047E+00      -7.84928E+00
     1.00047E+00      -7.85331E+00
     1.00048E+00      -7.85735E+00
     1.00048E+00      -7.86139E+00
     1.00048E+00      -7.86543E+00
     1.00048E+00      -7.86946E+00
     1.00048E+00      -7.87350E+00
     1.00048E+00      -7.87754E+00
     1.00049E+00      -7.88157E+00
     1.00049E+00      -7.88561E+00
     1.00049E+00      -7.88965E+00
     1.00049E+00      -7.89368E+00
     1.00049E+00      -7.89772E+00
     1.00049E+00      -7.90176E+00
     1.00050E+00      -7.90579E+00
     1.00050E+00      -7.90983E+00
     1.00050E+00      -7.91386E+00
     1.00050E+00      -7.91790E+00
     1.00050E+00      -7.92193E+00
     1.00050E+00      -7.92597E+00
     1.00051E+00      -7.93000E+00
     1.00051E+00      -7.93404E+00
     1.00051E+00      -7.93807E+00
     1.00051E+00      -7.94211E+00
     1.00051E+00      -7.94614E+00
     1.00051E+00      -7.95017E+00
     1.00052E+00      -7.95421E+00
     1.00052E+00      -7.95824E+00
     1.00052E+00      -7.96227E+00
     1.00052E+00      -7.96631E+00
     1.00052E+00      -7.97034E+00
     1.00052E+00      -7.97437E+00
     1.00053E+00      -7.97840E+00
     1.00053E+00      -7.98244E+00
     1.00053E+00      -7.98647E+00
     1.00053E+00      -7.99050E+00
     1.00053E+00      -7.99453E+00
     1.00053E+00      -7.99856E+00
     1.00054E+00      -8.00259E+00
     1.00054E+00      -8.00663E+00
     1.00054E+00      -8.01066E+00
     1.00054E+00      -8.01469E+00
     1.00054E+00      -8.01872E+00
     1.00054E+00      -8.02275E+00
     1.00055E+00      -8.02678E+00
     1.00055E+00      -8.03081E+00
     1.00055E+00      -8.03484E+00
     1.00055E+00      -8.03887E+00
     1.00055E+00      -8.04290E+00
     1.00055E+00      -8.04693E+00
     1.00056E+00      -8.05095E+00
     1.00056E+00      -8.05498E+00
     1.00056E+00      -8.05901E+00
     1.00056E+00      -8.06304E+00
     1.00056E+00      -8.06707E+00
     1.00056E+00      -8.07110E+00
     1.00057E+00      -8.07512E+00
     1.00057E+00      -8.07915E+00
     1.00057E+00      -8.08318E+00
     1.00057E+00      -8.08721E+00
     1.00057E+00      -8.09123E+00
     1.00057E+00      -8.09526E+00
     1.00058E+00      -8.09929E+00
     1.00058E+00      -8.10331E+00
     1.00058E+00      -8.10734E+00
     1.00058E+00      -8.11137E+00
     1.00058E+00      -8.11539E+00
     1.00058E+00      -8.11942E+00
     1.00059E+00      -8.12344E+00
     1.00059E+00      -8.12747E+00
     1.00059E+00      -8.13150E+00
     1.00059E+00      -8.13552E+00
     1.00059E+00      -8.13955E+00
     1.00059E+00      -8.14357E+00
     1.00060E+00      -8.14760E+00
     1.00060E+00      -8.15163E+00
     1.00060E+00      -8.15565E+00
     1.00060E+00      -8.15968E+00
     1.00060E+00      -8.16370E+00
     1.00060E+00      -8.16773E+00
     1.00061E+00      -8.17176E+00
     1.00061E+00      -8.17578E+00
     1.00061E+00      -8.17981E+00
     1.00061E+00      -8.18384E+00
     1.00061E+00      -8.18787E+00
     1.00061E+00      -8.19189E+00
     1.00062E+00      -8.19592E+00
     1.00062E+00      -8.19995E+00
     1.00062E+00      -8.20397E+00
     1.00062E+00      -8.20800E+00
     1.00062E+00      -8.21203E+00
     1.00062E+00      -8.21606E+00
     1.00063E+00      -8.22009E+00
     1.00063E+00      -8.22412E+00
     1.00063E+00      -8.22814E+00
     1.00063E+00      -8.23217E+00
     1.00063E+00      -8.23620E+00
     1.00063E+00      -8.24023E+00
     1.00064E+00      -8.24426E+00
     1.00064E+00      -8.24829E+00
     1.00064E+00      -8.25232E+00
     1.00064E+00      -8.25635E+00
     1.00064E+00      -8.26038E+00
     1.00064E+00      -8.26441E+00
     1.00065E+00      -8.26844E+00
     1.00065E+00      -8.27248E+00
     1.00065E+00      -8.27651E+00
     1.00065E+00      -8.28054E+00
     1.00065E+00      -8.28457E+00
     1.00065E+00      -8.28860E+00
     1.00066E+00      -8.29264E+00
     1.00066E+00      -8.29667E+00
     1.00066E+00      -8.30070E+00
     1.00066E+00      -8.30474E+00
     1.00066E+00      -8.30877E+00
     1.00066E+00      -8.31281E+00
     1.00067E+00      -8.31684E+00
     1.00067E+00      -8.32088E+00
     1.00067E+00      -8.32491E+00
     1.00067E+00      -8.32895E+00
     1.00067E+00      -8.33299E+00
     1.00067E+00      -8.33702E+00
     1.00068E+00      -8.34106E+00
     1.00068E+00      -8.34510E+00
     1.00068E+00      -8.34914E+00
     1.00068E+00      -8.35318E+00
     1.00068E+00      -8.35722E+00
     1.00068E+00      -8.36126E+00
     1.00069E+00      -8.36530E+00
     1.00069E+00      -8.36934E+00
     1.00069E+00      -8.37338E+00
     1.00069E+00      -8.37742E+00
     1.00069E+00      -8.38146E+00
     1.00070E+00      -8.38551E+00
     1.00070E+00      -8.38955E+00
     1.00070E+00      -8.39359E+00
     1.00070E+00      -8.39764E+00
     1.00070E+00      -8.40168E+00
     1.00070E+00      -8.40573E+00
     1.00071E+00      -8.40978E+00
     1.00071E+00      -8.41382E+00
     1.00071E+00      -8.41787E+00
     1.00071E+00      -8.42192E+00
     1.00071E+00      -8.42597E+00
     1.00071E+00      -8.43002E+00
     1.00072E+00      -8.43407E+00
     1.00072E+00      -8.43812E+00
     1.00072E+00      -8.44217E+00
     1.00072E+00      -8.44622E+00
     1.00072E+00      -8.45028E+00
     1.00072E+00      -8.45433E+00
     1.00073E+00      -8.45839E+00
     1.00073E+00      -8.46244E+00
     1.00073E+00      -8.46650E+00
     1.00073E+00      -8.47055E+00
     1.00073E+00      -8.47461E+00
     1.00073E+00      -8.47867E+00
     1.00074E+00      -8.48273E+00
     1.00074E+00      -8.48679E+00
     1.00074E+00      -8.49085E+00
     1.00074E+00      -8.49491E+00
     1.00074E+00      -8.49897E+00
     1.00074E+00      -8.50303E+00
     1.00075E+00      -8.50710E+00
     1.00075E+00      -8.51116E+00
     1.00075E+00      -8.51523E+00
     1.00075E+00      -8.51930E+00
     1.00075E+00      -8.52336E+00
     1.00075E+00      -8.52743E+00
     1.00076E+00      -8.53150E+00
     1.00076E+00      -8.53557E+00
     1.00076E+00      -8.53964E+00
     1.00076E+00      -8.54372E+00
     1.00076E+00      -8.54779E+00
     1.00076E+00      -8.55186E+00
     1.00077E+00      -8.55594E+00
     1.00077E+00      -8.56001E+00
     1.00077E+00      -8.56409E+00
     1.00077E+00      -8.56817E+00
     1.00077E+00      -8.57225E+00
     1.00077E+00      -8.57633E+00
     1.00078E+00      -8.58041E+00
     1.00078E+00      -8.58449E+00
     1.00078E+00      -8.58858E+00
     1.00078E+00      -8.59266E+00
     1.00078E+00      -8.59675E+00
     1.00078E+00      -8.60084E+00
     1.00079E+00      -8.60492E+00
     1.00079E+00      -8.60902E+00
     1.00079E+00      -8.61311E+00
     1.00079E+00      -8.61720E+00
     1.00079E+00      -8.62129E+00
     1.00079E+00      -8.62539E+00
     1.00080E+00      -8.62948E+00
     1.00080E+00      -8.63358E+00
     1.00080E+00      -8.63768E+00
     1.00080E+00      -8.64178E+00
     1.00080E+00      -8.64588E+00
     1.00080E+00      -8.64998E+00
     1.00081E+00      -8.65409E+00
     1.00081E+00      -8.65819E+00
     1.00081E+00      -8.66230E+00
     1.00081E+00      -8.66641E+00
     1.00081E+00      -8.67052E+00
     1.00081E+00      -8.67464E+00
     1.00082E+00      -8.67875E+00
     1.00082E+00      -8.68287E+00
     1.00082E+00      -8.68699E+00
     1.00082E+00      -8.69111E+00
     1.00082E+00      -8.69523E+00
     1.00082E+00      -8.69935E+00
     1.00083E+00      -8.70348E+00
     1.00083E+00      -8.70760E+00
     1.00083E+00      -8.71173E+00
     1.00083E+00      -8.71586E+00
     1.00083E+00      -8.72000E+00
     1.00084E+00      -8.72413E+00
     1.00084E+00      -8.72827E+00
     1.00084E+00      -8.73241E+00
     1.00084E+00      -8.73655E+00
     1.00084E+00      -8.74069E+00
     1.00084E+00      -8.74483E+00
     1.00085E+00      -8.74898E+00
     1.00085E+00      -8.75313E+00
     1.00085E+00      -8.75728E+00
     1.00085E+00      -8.76143E+00
     1.00085E+00      -8.76558E+00
     1.00085E+00      -8.76974E+00
     1.00086E+00      -8.77390E+00
     1.00086E+00      -8.77806E+00
     1.00086E+00      -8.78223E+00
     1.00086E+00      -8.78639E+00
     1.00086E+00      -8.79056E+00
     1.00086E+00      -8.79473E+00
     1.00087E+00      -8.79890E+00
     1.00087E+00      -8.80308E+00
     1.00087E+00      -8.80725E+00
     1.00087E+00      -8.81143E+00
     1.00087E+00      -8.81562E+00
     1.00087E+00      -8.81980E+00
     1.00088E+00      -8.82399E+00
     1.00088E+00      -8.82818E+00
     1.00088E+00      -8.83237E+00
     1.00088E+00      -8.83656E+00
     1.00088E+00      -8.84076E+00
     1.00089E+00      -8.84496E+00
     1.00089E+00      -8.84916E+00
     1.00089E+00      -8.85337E+00
     1.00089E+00      -8.85758E+00
     1.00089E+00      -8.86179E+00
     1.00089E+00      -8.86600E+00
     1.00090E+00      -8.87022E+00
     1.00090E+00      -8.87443E+00
     1.00090E+00      -8.87866E+00
     1.00090E+00      -8.88288E+00
     1.00090E+00      -8.88711E+00
     1.00090E+00      -8.89134E+00
     1.00091E+00      -8.89557E+00
     1.00091E+00      -8.89981E+00
     1.00091E+00      -8.90405E+00
     1.00091E+00      -8.90829E+00
     1.00091E+00      -8.91253E+00
     1.00091E+00      -8.91678E+00
     1.00092E+00      -8.92103E+00
     1.00092E+00      -8.92529E+00
     1.00092E+00      -8.92955E+00
     1.00092E+00      -8.93381E+00
     1.00092E+00      -8.93807E+00
     1.00093E+00      -8.94234E+00
     1.00093E+00      -8.94661E+00
     1.00093E+00      -8.95089E+00
     1.00093E+00      -8.95516E+00
     1.00093E+00      -8.95945E+00
     1.00093E+00      -8.96373E+00
     1.00094E+00      -8.96802E+00
     1.00094E+00      -8.97231E+00
     1.00094E+00      -8.97661E+00
     1.00094E+00      -8.98091E+00
     1.00094E+00      -8.98521E+00
     1.00094E+00      -8.98952E+00
     1.00095E+00      -8.99383E+00
     1.00095E+00      -8.99814E+00
     1.00095E+00      -9.00246E+00
     1.00095E+00      -9.00678E+00
     1.00095E+00      -9.01111E+00
     1.00096E+00      -9.01544E+00
     1.00096E+00      -9.01977E+00
     1.00096E+00      -9.02411E+00
     1.00096E+00      -9.02845E+00
     1.00096E+00      -9.03280E+00
     1.00096E+00      -9.03715E+00
     1.00097E+00      -9.04150E+00
     1.00097E+00      -9.04586E+00
     1.00097E+00      -9.05022E+00
     1.00097E+00      -9.05459E+00
     1.00097E+00      -9.05896E+00
     1.00098E+00      -9.06334E+00
     1.00098E+00      -9.06772E+00
     1.00098E+00      -9.07211E+00
     1.00098E+00      -9.07650E+00
     1.00098E+00      -9.08089E+00
     1.00098E+00      -9.08529E+00
     1.00099E+00      -9.08969E+00
     1.00099E+00      -9.09410E+00
     1.00099E+00      -9.09852E+00
     1.00099E+00      -9.10293E+00
     1.00099E+00      -9.10736E+00
     1.00100E+00      -9.11179E+00
     1.00100E+00      -9.11622E+00
     1.00100E+00      -9.12066E+00
     1.00100E+00      -9.12510E+00
     1.00100E+00      -9.12955E+00
     1.00100E+00      -9.13401E+00
     1.00101E+00      -9.13847E+00
     1.00101E+00      -9.14293E+00
     1.00101E+00      -9.14740E+00
     1.00101E+00      -9.15188E+00
     1.00101E+00      -9.15636E+00
     1.00102E+00      -9.16085E+00
     1.00102E+00      -9.16535E+00
     1.00102E+00      -9.16985E+00
     1.00102E+00      -9.17435E+00
     1.00102E+00      -9.17886E+00
     1.00103E+00      -9.18338E+00
     1.00103E+00      -9.18791E+00
     1.00103E+00      -9.19244E+00
     1.00103E+00      -9.19697E+00
     1.00103E+00      -9.20152E+00
     1.00103E+00      -9.20606E+00
     1.00104E+00      -9.21062E+00
     1.00104E+00      -9.21518E+00
     1.00104E+00      -9.21975E+00
     1.00104E+00      -9.22433E+00
     1.00104E+00      -9.22891E+00
     1.00105E+00      -9.23350E+00
     1.00105E+00      -9.23810E+00
     1.00105E+00      -9.24270E+00
     1.00105E+00      -9.24731E+00
     1.00105E+00      -9.25193E+00
     1.00106E+00      -9.25655E+00
     1.00106E+00      -9.26119E+00
     1.00106E+00      -9.26583E+00
     1.00106E+00      -9.27048E+00
     1.00106E+00      -9.27513E+00
     1.00107E+00      -9.27979E+00
     1.00107E+00      -9.28447E+00
     1.00107E+00      -9.28915E+00
     1.00107E+00      -9.29383E+00
     1.00107E+00      -9.29853E+00
     1.00107E+00      -9.30323E+00
     1.00108E+00      -9.30795E+00
     1.00108E+00      -9.31267E+00
     1.00108E+00      -9.31740E+00
     1.00108E+00      -9.32213E+00
     1.00108E+00      -9.32688E+00
     1.00109E+00      -9.33164E+00
     1.00109E+00      -9.33640E+00
     1.00109E+00      -9.34118E+00
     1.00109E+00      -9.34596E+00
     1.00109E+00      -9.35075E+00
     1.00110E+00      -9.35556E+00
     1.00110E+00      -9.36037E+00
     1.00110E+00      -9.36519E+00
     1.00110E+00      -9.37002E+00
     1.00110E+00      -9.37487E+00
     1.00111E+00      -9.37972E+00
     1.00111E+00      -9.38458E+00
     1.00111E+00      -9.38946E+00
     1.00111E+00      -9.39434E+00
     1.00111E+00      -9.39923E+00
     1.00112E+00      -9.40414E+00
     1.00112E+00      -9.40906E+00
     1.00112E+00      -9.41399E+00
     1.00112E+00      -9.41893E+00
     1.00112E+00      -9.42388E+00
     1.00113E+00      -9.42884E+00
     1.00113E+00      -9.43382E+00
     1.00113E+00      -9.43880E+00
     1.00113E+00      -9.44380E+00
     1.00113E+00      -9.44881E+00
     1.00114E+00      -9.45384E+00
     1.00114E+00      -9.45888E+00
     1.00114E+00      -9.46393E+00
     1.00114E+00      -9.46899E+00
     1.00115E+00      -9.47407E+00
     1.00115E+00      -9.47916E+00
     1.00115E+00      -9.48426E+00
     1.00115E+00      -9.48938E+00
     1.00115E+00      -9.49451E+00
     1.00116E+00      -9.49966E+00
     1.00116E+00      -9.50482E+00
     1.00116E+00      -9.50999E+00
     1.00116E+00      -9.51519E+00
     1.00116E+00      -9.52039E+00
     1.00117E+00      -9.52561E+00
     1.00117E+00      -9.53085E+00
     1.00117E+00      -9.53611E+00
     1.00117E+00      -9.54138E+00
     1.00118E+00      -9.54666E+00
     1.00118E+00      -9.55197E+00
     1.00118E+00      -9.55729E+00
     1.00118E+00      -9.56263E+00
     1.00118E+00      -9.56798E+00
     1.00119E+00      -9.57335E+00
     1.00119E+00      -9.57875E+00
     1.00119E+00      -9.58416E+00
     1.00119E+00      -9.58959E+00
     1.00120E+00      -9.59504E+00
     1.00120E+00      -9.60050E+00
     1.00120E+00      -9.60599E+00
     1.00120E+00      -9.61150E+00
     1.00120E+00      -9.61703E+00
     1.00121E+00      -9.62258E+00
     1.00121E+00      -9.62815E+00
     1.00121E+00      -9.63374E+00
     1.00121E+00      -9.63935E+00
     1.00122E+00      -9.64499E+00
     1.00122E+00      -9.65064E+00
     1.00122E+00      -9.65632E+00
     1.00122E+00      -9.66203E+00
     1.00123E+00      -9.66775E+00
     1.00123E+00      -9.67350E+00
     1.00123E+00      -9.67928E+00
     1.00123E+00      -9.68508E+00
     1.00124E+00      -9.69090E+00
     1.00124E+00      -9.69675E+00
     1.00124E+00      -9.70263E+00
     1.00124E+00      -9.70853E+00
     1.00125E+00      -9.71446E+00
     1.00125E+00      -9.72042E+00
     1.00125E+00      -9.72641E+00
     1.00125E+00      -9.73242E+00
     1.00126E+00      -9.73847E+00
     1.00126E+00      -9.74454E+00
     1.00126E+00      -9.75065E+00
     1.00126E+00      -9.75679E+00
     1.00127E+00      -9.76295E+00
     1.00127E+00      -9.76915E+00
     1.00127E+00      -9.77539E+00
     1.00127E+00      -9.78166E+00
     1.00128E+00      -9.78796E+00
     1.00128E+00      -9.79430E+00
     1.00128E+00      -9.80067E+00
     1.00128E+00      -9.80708E+00
     1.00129E+00      -9.81353E+00
     1.00129E+00      -9.82002E+00
     1.00129E+00      -9.82654E+00
     1.00129E+00      -9.83311E+00
     1.00130E+00      -9.83972E+00
     1.00130E+00      -9.84637E+00
     1.00130E+00      -9.85306E+00
     1.00131E+00      -9.85980E+00
     1.00131E+00      -9.86658E+00
     1.00131E+00      -9.87341E+00
     1.00131E+00      -9.88028E+00
     1.00132E+00      -9.88721E+00
     1.00132E+00      -9.89418E+00
     1.00132E+00      -9.90121E+00
     1.00133E+00      -9.90828E+00
     1.00133E+00      -9.91541E+00
     1.00133E+00      -9.92260E+00
     1.00133E+00      -9.92984E+00
     1.00134E+00      -9.93714E+00
     1.00134E+00      -9.94449E+00
     1.00134E+00      -9.95191E+00
     1.00135E+00      -9.95939E+00
     1.00135E+00      -9.96694E+00
     1.00135E+00      -9.97455E+00

       R/R_sun     log(N_sterile/N_A) 